[2021-11-19 13:40:44,800] {taskinstance.py:877} INFO - Dependencies all met for <TaskInstance: ETL-ANP.extract_derivated_fuels 2021-11-19T13:40:30.152597+00:00 [queued]>
[2021-11-19 13:40:44,806] {taskinstance.py:877} INFO - Dependencies all met for <TaskInstance: ETL-ANP.extract_derivated_fuels 2021-11-19T13:40:30.152597+00:00 [queued]>
[2021-11-19 13:40:44,806] {taskinstance.py:1068} INFO - 
--------------------------------------------------------------------------------
[2021-11-19 13:40:44,806] {taskinstance.py:1069} INFO - Starting attempt 1 of 1
[2021-11-19 13:40:44,806] {taskinstance.py:1070} INFO - 
--------------------------------------------------------------------------------
[2021-11-19 13:40:44,824] {taskinstance.py:1089} INFO - Executing <Task(PythonOperator): extract_derivated_fuels> on 2021-11-19T13:40:30.152597+00:00
[2021-11-19 13:40:44,827] {standard_task_runner.py:52} INFO - Started process 135 to run task
[2021-11-19 13:40:44,832] {standard_task_runner.py:76} INFO - Running: ['airflow', 'tasks', 'run', 'ETL-ANP', 'extract_derivated_fuels', '2021-11-19T13:40:30.152597+00:00', '--job-id', '60', '--pool', 'default_pool', '--raw', '--subdir', 'DAGS_FOLDER/etl-raizen.py', '--cfg-path', '/tmp/tmpe8qzwzq1', '--error-file', '/tmp/tmp2euxr3y7']
[2021-11-19 13:40:44,833] {standard_task_runner.py:77} INFO - Job 60: Subtask extract_derivated_fuels
[2021-11-19 13:40:44,871] {logging_mixin.py:104} INFO - Running <TaskInstance: ETL-ANP.extract_derivated_fuels 2021-11-19T13:40:30.152597+00:00 [running]> on host b7092867dc44
[2021-11-19 13:40:44,908] {taskinstance.py:1281} INFO - Exporting the following env vars:
AIRFLOW_CTX_DAG_OWNER=airflow
AIRFLOW_CTX_DAG_ID=ETL-ANP
AIRFLOW_CTX_TASK_ID=extract_derivated_fuels
AIRFLOW_CTX_EXECUTION_DATE=2021-11-19T13:40:30.152597+00:00
AIRFLOW_CTX_DAG_RUN_ID=manual__2021-11-19T13:40:30.152597+00:00
[2021-11-19 13:40:46,806] {python.py:118} INFO - Done. Returned value was: None
[2021-11-19 13:40:46,811] {taskinstance.py:1185} INFO - Marking task as SUCCESS. dag_id=ETL-ANP, task_id=extract_derivated_fuels, execution_date=20211119T134030, start_date=20211119T134044, end_date=20211119T134046
[2021-11-19 13:40:46,837] {taskinstance.py:1246} INFO - 0 downstream tasks scheduled from follow-on schedule check
[2021-11-19 13:40:46,872] {local_task_job.py:146} INFO - Task exited with return code 0
