[2021-11-18 23:29:38,424] {taskinstance.py:877} INFO - Dependencies all met for <TaskInstance: ETL-ANP.extract_diesel 2021-11-17T23:29:22.276891+00:00 [queued]>
[2021-11-18 23:29:38,432] {taskinstance.py:877} INFO - Dependencies all met for <TaskInstance: ETL-ANP.extract_diesel 2021-11-17T23:29:22.276891+00:00 [queued]>
[2021-11-18 23:29:38,432] {taskinstance.py:1068} INFO - 
--------------------------------------------------------------------------------
[2021-11-18 23:29:38,432] {taskinstance.py:1069} INFO - Starting attempt 1 of 1
[2021-11-18 23:29:38,432] {taskinstance.py:1070} INFO - 
--------------------------------------------------------------------------------
[2021-11-18 23:29:38,455] {taskinstance.py:1089} INFO - Executing <Task(PythonOperator): extract_diesel> on 2021-11-17T23:29:22.276891+00:00
[2021-11-18 23:29:38,462] {standard_task_runner.py:52} INFO - Started process 141 to run task
[2021-11-18 23:29:38,467] {standard_task_runner.py:76} INFO - Running: ['airflow', 'tasks', 'run', 'ETL-ANP', 'extract_diesel', '2021-11-17T23:29:22.276891+00:00', '--job-id', '22', '--pool', 'default_pool', '--raw', '--subdir', 'DAGS_FOLDER/etl-raizen.py', '--cfg-path', '/tmp/tmpqxkkt05z', '--error-file', '/tmp/tmpzlkcj8zw']
[2021-11-18 23:29:38,468] {standard_task_runner.py:77} INFO - Job 22: Subtask extract_diesel
[2021-11-18 23:29:38,512] {logging_mixin.py:104} INFO - Running <TaskInstance: ETL-ANP.extract_diesel 2021-11-17T23:29:22.276891+00:00 [running]> on host bd289edd73de
[2021-11-18 23:29:38,561] {taskinstance.py:1281} INFO - Exporting the following env vars:
AIRFLOW_CTX_DAG_OWNER=airflow
AIRFLOW_CTX_DAG_ID=ETL-ANP
AIRFLOW_CTX_TASK_ID=extract_diesel
AIRFLOW_CTX_EXECUTION_DATE=2021-11-17T23:29:22.276891+00:00
AIRFLOW_CTX_DAG_RUN_ID=scheduled__2021-11-17T23:29:22.276891+00:00
[2021-11-18 23:29:39,951] {python.py:118} INFO - Done. Returned value was: None
[2021-11-18 23:29:39,960] {taskinstance.py:1185} INFO - Marking task as SUCCESS. dag_id=ETL-ANP, task_id=extract_diesel, execution_date=20211117T232922, start_date=20211118T232938, end_date=20211118T232939
[2021-11-18 23:29:40,042] {taskinstance.py:1246} INFO - 1 downstream tasks scheduled from follow-on schedule check
[2021-11-18 23:29:40,061] {local_task_job.py:146} INFO - Task exited with return code 0
