[2021-11-19 12:44:11,740] {taskinstance.py:877} INFO - Dependencies all met for <TaskInstance: ETL-ANP.converter_xls 2021-11-19T12:44:04.260975+00:00 [queued]>
[2021-11-19 12:44:11,745] {taskinstance.py:877} INFO - Dependencies all met for <TaskInstance: ETL-ANP.converter_xls 2021-11-19T12:44:04.260975+00:00 [queued]>
[2021-11-19 12:44:11,745] {taskinstance.py:1068} INFO - 
--------------------------------------------------------------------------------
[2021-11-19 12:44:11,745] {taskinstance.py:1069} INFO - Starting attempt 1 of 1
[2021-11-19 12:44:11,745] {taskinstance.py:1070} INFO - 
--------------------------------------------------------------------------------
[2021-11-19 12:44:11,760] {taskinstance.py:1089} INFO - Executing <Task(PythonOperator): converter_xls> on 2021-11-19T12:44:04.260975+00:00
[2021-11-19 12:44:11,762] {standard_task_runner.py:52} INFO - Started process 451 to run task
[2021-11-19 12:44:11,768] {standard_task_runner.py:76} INFO - Running: ['airflow', 'tasks', 'run', 'ETL-ANP', 'converter_xls', '2021-11-19T12:44:04.260975+00:00', '--job-id', '34', '--pool', 'default_pool', '--raw', '--subdir', 'DAGS_FOLDER/etl-raizen.py', '--cfg-path', '/tmp/tmp9bzkbcg9', '--error-file', '/tmp/tmp6jaxx5it']
[2021-11-19 12:44:11,769] {standard_task_runner.py:77} INFO - Job 34: Subtask converter_xls
[2021-11-19 12:44:11,802] {logging_mixin.py:104} INFO - Running <TaskInstance: ETL-ANP.converter_xls 2021-11-19T12:44:04.260975+00:00 [running]> on host bd289edd73de
[2021-11-19 12:44:11,834] {taskinstance.py:1281} INFO - Exporting the following env vars:
AIRFLOW_CTX_DAG_OWNER=airflow
AIRFLOW_CTX_DAG_ID=ETL-ANP
AIRFLOW_CTX_TASK_ID=converter_xls
AIRFLOW_CTX_EXECUTION_DATE=2021-11-19T12:44:04.260975+00:00
AIRFLOW_CTX_DAG_RUN_ID=manual__2021-11-19T12:44:04.260975+00:00
[2021-11-19 12:44:11,852] {logging_mixin.py:104} INFO - ['libreoffice', '--convert-to', 'ods', './raw_data/vendas-combustiveis-m3.xls']
[2021-11-19 12:44:16,509] {python.py:118} INFO - Done. Returned value was: None
[2021-11-19 12:44:16,514] {taskinstance.py:1185} INFO - Marking task as SUCCESS. dag_id=ETL-ANP, task_id=converter_xls, execution_date=20211119T124404, start_date=20211119T124411, end_date=20211119T124416
[2021-11-19 12:44:16,547] {taskinstance.py:1246} INFO - 2 downstream tasks scheduled from follow-on schedule check
[2021-11-19 12:44:16,574] {local_task_job.py:146} INFO - Task exited with return code 0
