[2021-11-19 12:26:38,569] {scheduler_job.py:182} INFO - Started process (PID=21) to work on /opt/airflow/dags/etl-raizen.py
[2021-11-19 12:26:38,581] {scheduler_job.py:629} INFO - Processing file /opt/airflow/dags/etl-raizen.py for tasks to queue
[2021-11-19 12:26:38,584] {logging_mixin.py:104} INFO - [2021-11-19 12:26:38,583] {dagbag.py:451} INFO - Filling up the DagBag from /opt/airflow/dags/etl-raizen.py
[2021-11-19 12:26:39,288] {scheduler_job.py:639} INFO - DAG(s) dict_keys(['ETL-ANP']) retrieved from /opt/airflow/dags/etl-raizen.py
[2021-11-19 12:26:39,309] {logging_mixin.py:104} INFO - [2021-11-19 12:26:39,307] {dag.py:1824} INFO - Sync 1 DAGs
[2021-11-19 12:26:39,326] {logging_mixin.py:104} INFO - [2021-11-19 12:26:39,326] {dag.py:2280} INFO - Setting next_dagrun for ETL-ANP to 2021-11-18 23:29:22.276891+00:00
[2021-11-19 12:26:39,359] {scheduler_job.py:190} INFO - Processing /opt/airflow/dags/etl-raizen.py took 0.819 seconds
[2021-11-19 12:26:47,992] {scheduler_job.py:182} INFO - Started process (PID=39) to work on /opt/airflow/dags/etl-raizen.py
[2021-11-19 12:26:47,994] {scheduler_job.py:629} INFO - Processing file /opt/airflow/dags/etl-raizen.py for tasks to queue
[2021-11-19 12:26:47,995] {logging_mixin.py:104} INFO - [2021-11-19 12:26:47,994] {dagbag.py:451} INFO - Filling up the DagBag from /opt/airflow/dags/etl-raizen.py
[2021-11-19 12:26:49,746] {scheduler_job.py:639} INFO - DAG(s) dict_keys(['ETL-ANP']) retrieved from /opt/airflow/dags/etl-raizen.py
[2021-11-19 12:26:49,786] {logging_mixin.py:104} INFO - [2021-11-19 12:26:49,785] {dag.py:1824} INFO - Sync 1 DAGs
[2021-11-19 12:26:49,815] {logging_mixin.py:104} INFO - [2021-11-19 12:26:49,815] {dag.py:2280} INFO - Setting next_dagrun for ETL-ANP to 2021-11-18 23:29:22.276891+00:00
[2021-11-19 12:26:49,840] {scheduler_job.py:190} INFO - Processing /opt/airflow/dags/etl-raizen.py took 1.854 seconds
[2021-11-19 12:26:49,918] {scheduler_job.py:182} INFO - Started process (PID=43) to work on /opt/airflow/dags/etl-raizen.py
[2021-11-19 12:26:49,919] {scheduler_job.py:629} INFO - Processing file /opt/airflow/dags/etl-raizen.py for tasks to queue
[2021-11-19 12:26:49,920] {logging_mixin.py:104} INFO - [2021-11-19 12:26:49,920] {dagbag.py:451} INFO - Filling up the DagBag from /opt/airflow/dags/etl-raizen.py
[2021-11-19 12:26:51,327] {scheduler_job.py:639} INFO - DAG(s) dict_keys(['ETL-ANP']) retrieved from /opt/airflow/dags/etl-raizen.py
[2021-11-19 12:26:51,368] {logging_mixin.py:104} INFO - [2021-11-19 12:26:51,368] {dag.py:1824} INFO - Sync 1 DAGs
[2021-11-19 12:26:51,398] {logging_mixin.py:104} INFO - [2021-11-19 12:26:51,398] {dag.py:2280} INFO - Setting next_dagrun for ETL-ANP to 2021-11-18 23:29:22.276891+00:00
[2021-11-19 12:26:51,445] {scheduler_job.py:190} INFO - Processing /opt/airflow/dags/etl-raizen.py took 1.531 seconds
[2021-11-19 12:27:21,976] {scheduler_job.py:182} INFO - Started process (PID=72) to work on /opt/airflow/dags/etl-raizen.py
[2021-11-19 12:27:21,985] {scheduler_job.py:629} INFO - Processing file /opt/airflow/dags/etl-raizen.py for tasks to queue
[2021-11-19 12:27:21,988] {logging_mixin.py:104} INFO - [2021-11-19 12:27:21,988] {dagbag.py:451} INFO - Filling up the DagBag from /opt/airflow/dags/etl-raizen.py
[2021-11-19 12:27:23,269] {scheduler_job.py:639} INFO - DAG(s) dict_keys(['ETL-ANP']) retrieved from /opt/airflow/dags/etl-raizen.py
[2021-11-19 12:27:23,292] {logging_mixin.py:104} INFO - [2021-11-19 12:27:23,291] {dag.py:1824} INFO - Sync 1 DAGs
[2021-11-19 12:27:23,312] {logging_mixin.py:104} INFO - [2021-11-19 12:27:23,312] {dag.py:2280} INFO - Setting next_dagrun for ETL-ANP to 2021-11-18 23:29:22.276891+00:00
[2021-11-19 12:27:23,344] {scheduler_job.py:190} INFO - Processing /opt/airflow/dags/etl-raizen.py took 1.420 seconds
[2021-11-19 12:27:53,672] {scheduler_job.py:182} INFO - Started process (PID=82) to work on /opt/airflow/dags/etl-raizen.py
[2021-11-19 12:27:53,673] {scheduler_job.py:629} INFO - Processing file /opt/airflow/dags/etl-raizen.py for tasks to queue
[2021-11-19 12:27:53,674] {logging_mixin.py:104} INFO - [2021-11-19 12:27:53,674] {dagbag.py:451} INFO - Filling up the DagBag from /opt/airflow/dags/etl-raizen.py
[2021-11-19 12:27:54,358] {scheduler_job.py:639} INFO - DAG(s) dict_keys(['ETL-ANP']) retrieved from /opt/airflow/dags/etl-raizen.py
[2021-11-19 12:27:54,367] {logging_mixin.py:104} INFO - [2021-11-19 12:27:54,367] {dag.py:1824} INFO - Sync 1 DAGs
[2021-11-19 12:27:54,376] {logging_mixin.py:104} INFO - [2021-11-19 12:27:54,376] {dag.py:2280} INFO - Setting next_dagrun for ETL-ANP to 2021-11-18 23:29:22.276891+00:00
[2021-11-19 12:27:54,415] {scheduler_job.py:190} INFO - Processing /opt/airflow/dags/etl-raizen.py took 0.745 seconds
[2021-11-19 12:28:24,655] {scheduler_job.py:182} INFO - Started process (PID=92) to work on /opt/airflow/dags/etl-raizen.py
[2021-11-19 12:28:24,661] {scheduler_job.py:629} INFO - Processing file /opt/airflow/dags/etl-raizen.py for tasks to queue
[2021-11-19 12:28:24,663] {logging_mixin.py:104} INFO - [2021-11-19 12:28:24,663] {dagbag.py:451} INFO - Filling up the DagBag from /opt/airflow/dags/etl-raizen.py
[2021-11-19 12:28:25,359] {scheduler_job.py:639} INFO - DAG(s) dict_keys(['ETL-ANP']) retrieved from /opt/airflow/dags/etl-raizen.py
[2021-11-19 12:28:25,394] {logging_mixin.py:104} INFO - [2021-11-19 12:28:25,394] {dag.py:1824} INFO - Sync 1 DAGs
[2021-11-19 12:28:25,412] {logging_mixin.py:104} INFO - [2021-11-19 12:28:25,411] {dag.py:2280} INFO - Setting next_dagrun for ETL-ANP to 2021-11-18 23:29:22.276891+00:00
[2021-11-19 12:28:25,442] {scheduler_job.py:190} INFO - Processing /opt/airflow/dags/etl-raizen.py took 0.798 seconds
[2021-11-19 12:28:55,658] {scheduler_job.py:182} INFO - Started process (PID=104) to work on /opt/airflow/dags/etl-raizen.py
[2021-11-19 12:28:55,661] {scheduler_job.py:629} INFO - Processing file /opt/airflow/dags/etl-raizen.py for tasks to queue
[2021-11-19 12:28:55,662] {logging_mixin.py:104} INFO - [2021-11-19 12:28:55,662] {dagbag.py:451} INFO - Filling up the DagBag from /opt/airflow/dags/etl-raizen.py
[2021-11-19 12:28:56,139] {scheduler_job.py:639} INFO - DAG(s) dict_keys(['ETL-ANP']) retrieved from /opt/airflow/dags/etl-raizen.py
[2021-11-19 12:28:56,147] {logging_mixin.py:104} INFO - [2021-11-19 12:28:56,147] {dag.py:1824} INFO - Sync 1 DAGs
[2021-11-19 12:28:56,154] {logging_mixin.py:104} INFO - [2021-11-19 12:28:56,154] {dag.py:2280} INFO - Setting next_dagrun for ETL-ANP to 2021-11-18 23:29:22.276891+00:00
[2021-11-19 12:28:56,192] {scheduler_job.py:190} INFO - Processing /opt/airflow/dags/etl-raizen.py took 0.549 seconds
[2021-11-19 12:29:26,536] {scheduler_job.py:182} INFO - Started process (PID=115) to work on /opt/airflow/dags/etl-raizen.py
[2021-11-19 12:29:26,538] {scheduler_job.py:629} INFO - Processing file /opt/airflow/dags/etl-raizen.py for tasks to queue
[2021-11-19 12:29:26,539] {logging_mixin.py:104} INFO - [2021-11-19 12:29:26,539] {dagbag.py:451} INFO - Filling up the DagBag from /opt/airflow/dags/etl-raizen.py
[2021-11-19 12:29:27,235] {scheduler_job.py:639} INFO - DAG(s) dict_keys(['ETL-ANP']) retrieved from /opt/airflow/dags/etl-raizen.py
[2021-11-19 12:29:27,244] {logging_mixin.py:104} INFO - [2021-11-19 12:29:27,244] {dag.py:1824} INFO - Sync 1 DAGs
[2021-11-19 12:29:27,251] {logging_mixin.py:104} INFO - [2021-11-19 12:29:27,251] {dag.py:2280} INFO - Setting next_dagrun for ETL-ANP to 2021-11-18 23:29:22.276891+00:00
[2021-11-19 12:29:27,265] {scheduler_job.py:190} INFO - Processing /opt/airflow/dags/etl-raizen.py took 0.737 seconds
[2021-11-19 12:29:57,548] {scheduler_job.py:182} INFO - Started process (PID=135) to work on /opt/airflow/dags/etl-raizen.py
[2021-11-19 12:29:57,559] {scheduler_job.py:629} INFO - Processing file /opt/airflow/dags/etl-raizen.py for tasks to queue
[2021-11-19 12:29:57,561] {logging_mixin.py:104} INFO - [2021-11-19 12:29:57,561] {dagbag.py:451} INFO - Filling up the DagBag from /opt/airflow/dags/etl-raizen.py
[2021-11-19 12:29:59,033] {scheduler_job.py:639} INFO - DAG(s) dict_keys(['ETL-ANP']) retrieved from /opt/airflow/dags/etl-raizen.py
[2021-11-19 12:29:59,043] {logging_mixin.py:104} INFO - [2021-11-19 12:29:59,043] {dag.py:1824} INFO - Sync 1 DAGs
[2021-11-19 12:29:59,056] {logging_mixin.py:104} INFO - [2021-11-19 12:29:59,056] {dag.py:2280} INFO - Setting next_dagrun for ETL-ANP to 2021-11-18 23:29:22.276891+00:00
[2021-11-19 12:29:59,073] {scheduler_job.py:190} INFO - Processing /opt/airflow/dags/etl-raizen.py took 1.532 seconds
[2021-11-19 12:30:29,298] {scheduler_job.py:182} INFO - Started process (PID=146) to work on /opt/airflow/dags/etl-raizen.py
[2021-11-19 12:30:29,305] {scheduler_job.py:629} INFO - Processing file /opt/airflow/dags/etl-raizen.py for tasks to queue
[2021-11-19 12:30:29,311] {logging_mixin.py:104} INFO - [2021-11-19 12:30:29,311] {dagbag.py:451} INFO - Filling up the DagBag from /opt/airflow/dags/etl-raizen.py
[2021-11-19 12:30:30,304] {scheduler_job.py:639} INFO - DAG(s) dict_keys(['ETL-ANP']) retrieved from /opt/airflow/dags/etl-raizen.py
[2021-11-19 12:30:30,312] {logging_mixin.py:104} INFO - [2021-11-19 12:30:30,312] {dag.py:1824} INFO - Sync 1 DAGs
[2021-11-19 12:30:30,324] {logging_mixin.py:104} INFO - [2021-11-19 12:30:30,324] {dag.py:2280} INFO - Setting next_dagrun for ETL-ANP to 2021-11-18 23:29:22.276891+00:00
[2021-11-19 12:30:30,353] {scheduler_job.py:190} INFO - Processing /opt/airflow/dags/etl-raizen.py took 1.101 seconds
[2021-11-19 12:31:00,594] {scheduler_job.py:182} INFO - Started process (PID=156) to work on /opt/airflow/dags/etl-raizen.py
[2021-11-19 12:31:00,598] {scheduler_job.py:629} INFO - Processing file /opt/airflow/dags/etl-raizen.py for tasks to queue
[2021-11-19 12:31:00,602] {logging_mixin.py:104} INFO - [2021-11-19 12:31:00,601] {dagbag.py:451} INFO - Filling up the DagBag from /opt/airflow/dags/etl-raizen.py
[2021-11-19 12:31:01,374] {scheduler_job.py:639} INFO - DAG(s) dict_keys(['ETL-ANP']) retrieved from /opt/airflow/dags/etl-raizen.py
[2021-11-19 12:31:01,404] {logging_mixin.py:104} INFO - [2021-11-19 12:31:01,404] {dag.py:1824} INFO - Sync 1 DAGs
[2021-11-19 12:31:01,432] {logging_mixin.py:104} INFO - [2021-11-19 12:31:01,432] {dag.py:2280} INFO - Setting next_dagrun for ETL-ANP to 2021-11-18 23:29:22.276891+00:00
[2021-11-19 12:31:01,472] {scheduler_job.py:190} INFO - Processing /opt/airflow/dags/etl-raizen.py took 0.896 seconds
[2021-11-19 12:31:31,662] {scheduler_job.py:182} INFO - Started process (PID=167) to work on /opt/airflow/dags/etl-raizen.py
[2021-11-19 12:31:31,663] {scheduler_job.py:629} INFO - Processing file /opt/airflow/dags/etl-raizen.py for tasks to queue
[2021-11-19 12:31:31,664] {logging_mixin.py:104} INFO - [2021-11-19 12:31:31,664] {dagbag.py:451} INFO - Filling up the DagBag from /opt/airflow/dags/etl-raizen.py
[2021-11-19 12:31:32,158] {scheduler_job.py:639} INFO - DAG(s) dict_keys(['ETL-ANP']) retrieved from /opt/airflow/dags/etl-raizen.py
[2021-11-19 12:31:32,168] {logging_mixin.py:104} INFO - [2021-11-19 12:31:32,168] {dag.py:1824} INFO - Sync 1 DAGs
[2021-11-19 12:31:32,178] {logging_mixin.py:104} INFO - [2021-11-19 12:31:32,178] {dag.py:2280} INFO - Setting next_dagrun for ETL-ANP to 2021-11-18 23:29:22.276891+00:00
[2021-11-19 12:31:32,223] {scheduler_job.py:190} INFO - Processing /opt/airflow/dags/etl-raizen.py took 0.565 seconds
[2021-11-19 12:32:02,462] {scheduler_job.py:182} INFO - Started process (PID=178) to work on /opt/airflow/dags/etl-raizen.py
[2021-11-19 12:32:02,468] {scheduler_job.py:629} INFO - Processing file /opt/airflow/dags/etl-raizen.py for tasks to queue
[2021-11-19 12:32:02,469] {logging_mixin.py:104} INFO - [2021-11-19 12:32:02,469] {dagbag.py:451} INFO - Filling up the DagBag from /opt/airflow/dags/etl-raizen.py
[2021-11-19 12:32:02,905] {scheduler_job.py:639} INFO - DAG(s) dict_keys(['ETL-ANP']) retrieved from /opt/airflow/dags/etl-raizen.py
[2021-11-19 12:32:02,915] {logging_mixin.py:104} INFO - [2021-11-19 12:32:02,914] {dag.py:1824} INFO - Sync 1 DAGs
[2021-11-19 12:32:02,925] {logging_mixin.py:104} INFO - [2021-11-19 12:32:02,924] {dag.py:2280} INFO - Setting next_dagrun for ETL-ANP to 2021-11-18 23:29:22.276891+00:00
[2021-11-19 12:32:02,951] {scheduler_job.py:190} INFO - Processing /opt/airflow/dags/etl-raizen.py took 0.496 seconds
[2021-11-19 12:32:33,079] {scheduler_job.py:182} INFO - Started process (PID=188) to work on /opt/airflow/dags/etl-raizen.py
[2021-11-19 12:32:33,088] {scheduler_job.py:629} INFO - Processing file /opt/airflow/dags/etl-raizen.py for tasks to queue
[2021-11-19 12:32:33,093] {logging_mixin.py:104} INFO - [2021-11-19 12:32:33,092] {dagbag.py:451} INFO - Filling up the DagBag from /opt/airflow/dags/etl-raizen.py
[2021-11-19 12:32:33,626] {scheduler_job.py:639} INFO - DAG(s) dict_keys(['ETL-ANP']) retrieved from /opt/airflow/dags/etl-raizen.py
[2021-11-19 12:32:33,636] {logging_mixin.py:104} INFO - [2021-11-19 12:32:33,636] {dag.py:1824} INFO - Sync 1 DAGs
[2021-11-19 12:32:33,645] {logging_mixin.py:104} INFO - [2021-11-19 12:32:33,645] {dag.py:2280} INFO - Setting next_dagrun for ETL-ANP to 2021-11-18 23:29:22.276891+00:00
[2021-11-19 12:32:33,687] {scheduler_job.py:190} INFO - Processing /opt/airflow/dags/etl-raizen.py took 0.622 seconds
[2021-11-19 12:33:03,980] {scheduler_job.py:182} INFO - Started process (PID=198) to work on /opt/airflow/dags/etl-raizen.py
[2021-11-19 12:33:03,984] {scheduler_job.py:629} INFO - Processing file /opt/airflow/dags/etl-raizen.py for tasks to queue
[2021-11-19 12:33:03,988] {logging_mixin.py:104} INFO - [2021-11-19 12:33:03,987] {dagbag.py:451} INFO - Filling up the DagBag from /opt/airflow/dags/etl-raizen.py
[2021-11-19 12:33:04,468] {scheduler_job.py:639} INFO - DAG(s) dict_keys(['ETL-ANP']) retrieved from /opt/airflow/dags/etl-raizen.py
[2021-11-19 12:33:04,479] {logging_mixin.py:104} INFO - [2021-11-19 12:33:04,479] {dag.py:1824} INFO - Sync 1 DAGs
[2021-11-19 12:33:04,492] {logging_mixin.py:104} INFO - [2021-11-19 12:33:04,492] {dag.py:2280} INFO - Setting next_dagrun for ETL-ANP to 2021-11-18 23:29:22.276891+00:00
[2021-11-19 12:33:04,534] {scheduler_job.py:190} INFO - Processing /opt/airflow/dags/etl-raizen.py took 0.566 seconds
[2021-11-19 12:33:34,838] {scheduler_job.py:182} INFO - Started process (PID=209) to work on /opt/airflow/dags/etl-raizen.py
[2021-11-19 12:33:34,858] {scheduler_job.py:629} INFO - Processing file /opt/airflow/dags/etl-raizen.py for tasks to queue
[2021-11-19 12:33:34,864] {logging_mixin.py:104} INFO - [2021-11-19 12:33:34,863] {dagbag.py:451} INFO - Filling up the DagBag from /opt/airflow/dags/etl-raizen.py
[2021-11-19 12:33:36,015] {scheduler_job.py:639} INFO - DAG(s) dict_keys(['ETL-ANP']) retrieved from /opt/airflow/dags/etl-raizen.py
[2021-11-19 12:33:36,053] {logging_mixin.py:104} INFO - [2021-11-19 12:33:36,052] {dag.py:1824} INFO - Sync 1 DAGs
[2021-11-19 12:33:36,064] {logging_mixin.py:104} INFO - [2021-11-19 12:33:36,064] {dag.py:2280} INFO - Setting next_dagrun for ETL-ANP to 2021-11-18 23:29:22.276891+00:00
[2021-11-19 12:33:36,118] {scheduler_job.py:190} INFO - Processing /opt/airflow/dags/etl-raizen.py took 1.315 seconds
[2021-11-19 12:34:06,452] {scheduler_job.py:182} INFO - Started process (PID=223) to work on /opt/airflow/dags/etl-raizen.py
[2021-11-19 12:34:06,458] {scheduler_job.py:629} INFO - Processing file /opt/airflow/dags/etl-raizen.py for tasks to queue
[2021-11-19 12:34:06,460] {logging_mixin.py:104} INFO - [2021-11-19 12:34:06,459] {dagbag.py:451} INFO - Filling up the DagBag from /opt/airflow/dags/etl-raizen.py
[2021-11-19 12:34:06,901] {scheduler_job.py:639} INFO - DAG(s) dict_keys(['ETL-ANP']) retrieved from /opt/airflow/dags/etl-raizen.py
[2021-11-19 12:34:06,912] {logging_mixin.py:104} INFO - [2021-11-19 12:34:06,912] {dag.py:1824} INFO - Sync 1 DAGs
[2021-11-19 12:34:06,920] {logging_mixin.py:104} INFO - [2021-11-19 12:34:06,920] {dag.py:2280} INFO - Setting next_dagrun for ETL-ANP to 2021-11-18 23:29:22.276891+00:00
[2021-11-19 12:34:06,974] {scheduler_job.py:190} INFO - Processing /opt/airflow/dags/etl-raizen.py took 0.531 seconds
[2021-11-19 12:34:37,342] {scheduler_job.py:182} INFO - Started process (PID=234) to work on /opt/airflow/dags/etl-raizen.py
[2021-11-19 12:34:37,347] {scheduler_job.py:629} INFO - Processing file /opt/airflow/dags/etl-raizen.py for tasks to queue
[2021-11-19 12:34:37,349] {logging_mixin.py:104} INFO - [2021-11-19 12:34:37,348] {dagbag.py:451} INFO - Filling up the DagBag from /opt/airflow/dags/etl-raizen.py
[2021-11-19 12:34:37,833] {scheduler_job.py:639} INFO - DAG(s) dict_keys(['ETL-ANP']) retrieved from /opt/airflow/dags/etl-raizen.py
[2021-11-19 12:34:37,843] {logging_mixin.py:104} INFO - [2021-11-19 12:34:37,843] {dag.py:1824} INFO - Sync 1 DAGs
[2021-11-19 12:34:37,850] {logging_mixin.py:104} INFO - [2021-11-19 12:34:37,850] {dag.py:2280} INFO - Setting next_dagrun for ETL-ANP to 2021-11-18 23:29:22.276891+00:00
[2021-11-19 12:34:37,885] {scheduler_job.py:190} INFO - Processing /opt/airflow/dags/etl-raizen.py took 0.553 seconds
[2021-11-19 12:35:07,996] {scheduler_job.py:182} INFO - Started process (PID=245) to work on /opt/airflow/dags/etl-raizen.py
[2021-11-19 12:35:08,004] {scheduler_job.py:629} INFO - Processing file /opt/airflow/dags/etl-raizen.py for tasks to queue
[2021-11-19 12:35:08,009] {logging_mixin.py:104} INFO - [2021-11-19 12:35:08,008] {dagbag.py:451} INFO - Filling up the DagBag from /opt/airflow/dags/etl-raizen.py
[2021-11-19 12:35:08,517] {scheduler_job.py:639} INFO - DAG(s) dict_keys(['ETL-ANP']) retrieved from /opt/airflow/dags/etl-raizen.py
[2021-11-19 12:35:08,525] {logging_mixin.py:104} INFO - [2021-11-19 12:35:08,525] {dag.py:1824} INFO - Sync 1 DAGs
[2021-11-19 12:35:08,537] {logging_mixin.py:104} INFO - [2021-11-19 12:35:08,537] {dag.py:2280} INFO - Setting next_dagrun for ETL-ANP to 2021-11-18 23:29:22.276891+00:00
[2021-11-19 12:35:08,579] {scheduler_job.py:190} INFO - Processing /opt/airflow/dags/etl-raizen.py took 0.596 seconds
[2021-11-19 12:35:38,793] {scheduler_job.py:182} INFO - Started process (PID=255) to work on /opt/airflow/dags/etl-raizen.py
[2021-11-19 12:35:38,797] {scheduler_job.py:629} INFO - Processing file /opt/airflow/dags/etl-raizen.py for tasks to queue
[2021-11-19 12:35:38,799] {logging_mixin.py:104} INFO - [2021-11-19 12:35:38,798] {dagbag.py:451} INFO - Filling up the DagBag from /opt/airflow/dags/etl-raizen.py
[2021-11-19 12:35:39,202] {scheduler_job.py:639} INFO - DAG(s) dict_keys(['ETL-ANP']) retrieved from /opt/airflow/dags/etl-raizen.py
[2021-11-19 12:35:39,215] {logging_mixin.py:104} INFO - [2021-11-19 12:35:39,215] {dag.py:1824} INFO - Sync 1 DAGs
[2021-11-19 12:35:39,223] {logging_mixin.py:104} INFO - [2021-11-19 12:35:39,223] {dag.py:2280} INFO - Setting next_dagrun for ETL-ANP to 2021-11-18 23:29:22.276891+00:00
[2021-11-19 12:35:39,285] {scheduler_job.py:190} INFO - Processing /opt/airflow/dags/etl-raizen.py took 0.499 seconds
[2021-11-19 12:36:09,668] {scheduler_job.py:182} INFO - Started process (PID=266) to work on /opt/airflow/dags/etl-raizen.py
[2021-11-19 12:36:09,671] {scheduler_job.py:629} INFO - Processing file /opt/airflow/dags/etl-raizen.py for tasks to queue
[2021-11-19 12:36:09,675] {logging_mixin.py:104} INFO - [2021-11-19 12:36:09,674] {dagbag.py:451} INFO - Filling up the DagBag from /opt/airflow/dags/etl-raizen.py
[2021-11-19 12:36:10,439] {scheduler_job.py:639} INFO - DAG(s) dict_keys(['ETL-ANP']) retrieved from /opt/airflow/dags/etl-raizen.py
[2021-11-19 12:36:10,459] {logging_mixin.py:104} INFO - [2021-11-19 12:36:10,459] {dag.py:1824} INFO - Sync 1 DAGs
[2021-11-19 12:36:10,475] {logging_mixin.py:104} INFO - [2021-11-19 12:36:10,475] {dag.py:2280} INFO - Setting next_dagrun for ETL-ANP to 2021-11-18 23:29:22.276891+00:00
[2021-11-19 12:36:10,549] {scheduler_job.py:190} INFO - Processing /opt/airflow/dags/etl-raizen.py took 0.896 seconds
[2021-11-19 12:36:40,912] {scheduler_job.py:182} INFO - Started process (PID=277) to work on /opt/airflow/dags/etl-raizen.py
[2021-11-19 12:36:40,913] {scheduler_job.py:629} INFO - Processing file /opt/airflow/dags/etl-raizen.py for tasks to queue
[2021-11-19 12:36:40,914] {logging_mixin.py:104} INFO - [2021-11-19 12:36:40,914] {dagbag.py:451} INFO - Filling up the DagBag from /opt/airflow/dags/etl-raizen.py
[2021-11-19 12:36:41,368] {scheduler_job.py:639} INFO - DAG(s) dict_keys(['ETL-ANP']) retrieved from /opt/airflow/dags/etl-raizen.py
[2021-11-19 12:36:41,376] {logging_mixin.py:104} INFO - [2021-11-19 12:36:41,376] {dag.py:1824} INFO - Sync 1 DAGs
[2021-11-19 12:36:41,386] {logging_mixin.py:104} INFO - [2021-11-19 12:36:41,386] {dag.py:2280} INFO - Setting next_dagrun for ETL-ANP to 2021-11-18 23:29:22.276891+00:00
[2021-11-19 12:36:41,424] {scheduler_job.py:190} INFO - Processing /opt/airflow/dags/etl-raizen.py took 0.515 seconds
[2021-11-19 12:37:11,645] {scheduler_job.py:182} INFO - Started process (PID=288) to work on /opt/airflow/dags/etl-raizen.py
[2021-11-19 12:37:11,650] {scheduler_job.py:629} INFO - Processing file /opt/airflow/dags/etl-raizen.py for tasks to queue
[2021-11-19 12:37:11,652] {logging_mixin.py:104} INFO - [2021-11-19 12:37:11,651] {dagbag.py:451} INFO - Filling up the DagBag from /opt/airflow/dags/etl-raizen.py
[2021-11-19 12:37:12,067] {scheduler_job.py:639} INFO - DAG(s) dict_keys(['ETL-ANP']) retrieved from /opt/airflow/dags/etl-raizen.py
[2021-11-19 12:37:12,079] {logging_mixin.py:104} INFO - [2021-11-19 12:37:12,079] {dag.py:1824} INFO - Sync 1 DAGs
[2021-11-19 12:37:12,088] {logging_mixin.py:104} INFO - [2021-11-19 12:37:12,088] {dag.py:2280} INFO - Setting next_dagrun for ETL-ANP to 2021-11-18 23:29:22.276891+00:00
[2021-11-19 12:37:12,124] {scheduler_job.py:190} INFO - Processing /opt/airflow/dags/etl-raizen.py took 0.491 seconds
[2021-11-19 12:37:42,374] {scheduler_job.py:182} INFO - Started process (PID=299) to work on /opt/airflow/dags/etl-raizen.py
[2021-11-19 12:37:42,376] {scheduler_job.py:629} INFO - Processing file /opt/airflow/dags/etl-raizen.py for tasks to queue
[2021-11-19 12:37:42,378] {logging_mixin.py:104} INFO - [2021-11-19 12:37:42,377] {dagbag.py:451} INFO - Filling up the DagBag from /opt/airflow/dags/etl-raizen.py
[2021-11-19 12:37:42,827] {scheduler_job.py:639} INFO - DAG(s) dict_keys(['ETL-ANP']) retrieved from /opt/airflow/dags/etl-raizen.py
[2021-11-19 12:37:42,836] {logging_mixin.py:104} INFO - [2021-11-19 12:37:42,836] {dag.py:1824} INFO - Sync 1 DAGs
[2021-11-19 12:37:42,846] {logging_mixin.py:104} INFO - [2021-11-19 12:37:42,845] {dag.py:2280} INFO - Setting next_dagrun for ETL-ANP to 2021-11-18 23:29:22.276891+00:00
[2021-11-19 12:37:42,879] {scheduler_job.py:190} INFO - Processing /opt/airflow/dags/etl-raizen.py took 0.515 seconds
[2021-11-19 12:38:13,170] {scheduler_job.py:182} INFO - Started process (PID=310) to work on /opt/airflow/dags/etl-raizen.py
[2021-11-19 12:38:13,173] {scheduler_job.py:629} INFO - Processing file /opt/airflow/dags/etl-raizen.py for tasks to queue
[2021-11-19 12:38:13,176] {logging_mixin.py:104} INFO - [2021-11-19 12:38:13,176] {dagbag.py:451} INFO - Filling up the DagBag from /opt/airflow/dags/etl-raizen.py
[2021-11-19 12:38:13,593] {scheduler_job.py:639} INFO - DAG(s) dict_keys(['ETL-ANP']) retrieved from /opt/airflow/dags/etl-raizen.py
[2021-11-19 12:38:13,606] {logging_mixin.py:104} INFO - [2021-11-19 12:38:13,605] {dag.py:1824} INFO - Sync 1 DAGs
[2021-11-19 12:38:13,618] {logging_mixin.py:104} INFO - [2021-11-19 12:38:13,618] {dag.py:2280} INFO - Setting next_dagrun for ETL-ANP to 2021-11-18 23:29:22.276891+00:00
[2021-11-19 12:38:13,660] {scheduler_job.py:190} INFO - Processing /opt/airflow/dags/etl-raizen.py took 0.499 seconds
[2021-11-19 12:38:43,970] {scheduler_job.py:182} INFO - Started process (PID=320) to work on /opt/airflow/dags/etl-raizen.py
[2021-11-19 12:38:43,978] {scheduler_job.py:629} INFO - Processing file /opt/airflow/dags/etl-raizen.py for tasks to queue
[2021-11-19 12:38:43,979] {logging_mixin.py:104} INFO - [2021-11-19 12:38:43,979] {dagbag.py:451} INFO - Filling up the DagBag from /opt/airflow/dags/etl-raizen.py
[2021-11-19 12:38:44,398] {scheduler_job.py:639} INFO - DAG(s) dict_keys(['ETL-ANP']) retrieved from /opt/airflow/dags/etl-raizen.py
[2021-11-19 12:38:44,420] {logging_mixin.py:104} INFO - [2021-11-19 12:38:44,420] {dag.py:1824} INFO - Sync 1 DAGs
[2021-11-19 12:38:44,432] {logging_mixin.py:104} INFO - [2021-11-19 12:38:44,432] {dag.py:2280} INFO - Setting next_dagrun for ETL-ANP to 2021-11-18 23:29:22.276891+00:00
[2021-11-19 12:38:44,460] {scheduler_job.py:190} INFO - Processing /opt/airflow/dags/etl-raizen.py took 0.503 seconds
[2021-11-19 12:39:14,679] {scheduler_job.py:182} INFO - Started process (PID=330) to work on /opt/airflow/dags/etl-raizen.py
[2021-11-19 12:39:14,683] {scheduler_job.py:629} INFO - Processing file /opt/airflow/dags/etl-raizen.py for tasks to queue
[2021-11-19 12:39:14,684] {logging_mixin.py:104} INFO - [2021-11-19 12:39:14,684] {dagbag.py:451} INFO - Filling up the DagBag from /opt/airflow/dags/etl-raizen.py
[2021-11-19 12:39:15,134] {scheduler_job.py:639} INFO - DAG(s) dict_keys(['ETL-ANP']) retrieved from /opt/airflow/dags/etl-raizen.py
[2021-11-19 12:39:15,144] {logging_mixin.py:104} INFO - [2021-11-19 12:39:15,144] {dag.py:1824} INFO - Sync 1 DAGs
[2021-11-19 12:39:15,153] {logging_mixin.py:104} INFO - [2021-11-19 12:39:15,153] {dag.py:2280} INFO - Setting next_dagrun for ETL-ANP to 2021-11-18 23:29:22.276891+00:00
[2021-11-19 12:39:15,188] {scheduler_job.py:190} INFO - Processing /opt/airflow/dags/etl-raizen.py took 0.520 seconds
[2021-11-19 12:39:45,461] {scheduler_job.py:182} INFO - Started process (PID=341) to work on /opt/airflow/dags/etl-raizen.py
[2021-11-19 12:39:45,465] {scheduler_job.py:629} INFO - Processing file /opt/airflow/dags/etl-raizen.py for tasks to queue
[2021-11-19 12:39:45,467] {logging_mixin.py:104} INFO - [2021-11-19 12:39:45,467] {dagbag.py:451} INFO - Filling up the DagBag from /opt/airflow/dags/etl-raizen.py
[2021-11-19 12:39:45,954] {scheduler_job.py:639} INFO - DAG(s) dict_keys(['ETL-ANP']) retrieved from /opt/airflow/dags/etl-raizen.py
[2021-11-19 12:39:45,962] {logging_mixin.py:104} INFO - [2021-11-19 12:39:45,962] {dag.py:1824} INFO - Sync 1 DAGs
[2021-11-19 12:39:45,969] {logging_mixin.py:104} INFO - [2021-11-19 12:39:45,969] {dag.py:2280} INFO - Setting next_dagrun for ETL-ANP to 2021-11-18 23:29:22.276891+00:00
[2021-11-19 12:39:46,006] {scheduler_job.py:190} INFO - Processing /opt/airflow/dags/etl-raizen.py took 0.558 seconds
[2021-11-19 12:40:16,228] {scheduler_job.py:182} INFO - Started process (PID=352) to work on /opt/airflow/dags/etl-raizen.py
[2021-11-19 12:40:16,235] {scheduler_job.py:629} INFO - Processing file /opt/airflow/dags/etl-raizen.py for tasks to queue
[2021-11-19 12:40:16,237] {logging_mixin.py:104} INFO - [2021-11-19 12:40:16,237] {dagbag.py:451} INFO - Filling up the DagBag from /opt/airflow/dags/etl-raizen.py
[2021-11-19 12:40:16,677] {scheduler_job.py:639} INFO - DAG(s) dict_keys(['ETL-ANP']) retrieved from /opt/airflow/dags/etl-raizen.py
[2021-11-19 12:40:16,685] {logging_mixin.py:104} INFO - [2021-11-19 12:40:16,685] {dag.py:1824} INFO - Sync 1 DAGs
[2021-11-19 12:40:16,695] {logging_mixin.py:104} INFO - [2021-11-19 12:40:16,695] {dag.py:2280} INFO - Setting next_dagrun for ETL-ANP to 2021-11-18 23:29:22.276891+00:00
[2021-11-19 12:40:16,727] {scheduler_job.py:190} INFO - Processing /opt/airflow/dags/etl-raizen.py took 0.511 seconds
[2021-11-19 12:40:46,997] {scheduler_job.py:182} INFO - Started process (PID=363) to work on /opt/airflow/dags/etl-raizen.py
[2021-11-19 12:40:47,004] {scheduler_job.py:629} INFO - Processing file /opt/airflow/dags/etl-raizen.py for tasks to queue
[2021-11-19 12:40:47,005] {logging_mixin.py:104} INFO - [2021-11-19 12:40:47,005] {dagbag.py:451} INFO - Filling up the DagBag from /opt/airflow/dags/etl-raizen.py
[2021-11-19 12:40:47,431] {scheduler_job.py:639} INFO - DAG(s) dict_keys(['ETL-ANP']) retrieved from /opt/airflow/dags/etl-raizen.py
[2021-11-19 12:40:47,440] {logging_mixin.py:104} INFO - [2021-11-19 12:40:47,440] {dag.py:1824} INFO - Sync 1 DAGs
[2021-11-19 12:40:47,451] {logging_mixin.py:104} INFO - [2021-11-19 12:40:47,451] {dag.py:2280} INFO - Setting next_dagrun for ETL-ANP to 2021-11-18 23:29:22.276891+00:00
[2021-11-19 12:40:47,472] {scheduler_job.py:190} INFO - Processing /opt/airflow/dags/etl-raizen.py took 0.485 seconds
[2021-11-19 12:41:17,746] {scheduler_job.py:182} INFO - Started process (PID=372) to work on /opt/airflow/dags/etl-raizen.py
[2021-11-19 12:41:17,749] {scheduler_job.py:629} INFO - Processing file /opt/airflow/dags/etl-raizen.py for tasks to queue
[2021-11-19 12:41:17,750] {logging_mixin.py:104} INFO - [2021-11-19 12:41:17,750] {dagbag.py:451} INFO - Filling up the DagBag from /opt/airflow/dags/etl-raizen.py
[2021-11-19 12:41:18,235] {scheduler_job.py:639} INFO - DAG(s) dict_keys(['ETL-ANP']) retrieved from /opt/airflow/dags/etl-raizen.py
[2021-11-19 12:41:18,246] {logging_mixin.py:104} INFO - [2021-11-19 12:41:18,246] {dag.py:1824} INFO - Sync 1 DAGs
[2021-11-19 12:41:18,261] {logging_mixin.py:104} INFO - [2021-11-19 12:41:18,260] {dag.py:2280} INFO - Setting next_dagrun for ETL-ANP to 2021-11-18 23:29:22.276891+00:00
[2021-11-19 12:41:18,289] {scheduler_job.py:190} INFO - Processing /opt/airflow/dags/etl-raizen.py took 0.548 seconds
[2021-11-19 12:41:48,551] {scheduler_job.py:182} INFO - Started process (PID=382) to work on /opt/airflow/dags/etl-raizen.py
[2021-11-19 12:41:48,553] {scheduler_job.py:629} INFO - Processing file /opt/airflow/dags/etl-raizen.py for tasks to queue
[2021-11-19 12:41:48,559] {logging_mixin.py:104} INFO - [2021-11-19 12:41:48,559] {dagbag.py:451} INFO - Filling up the DagBag from /opt/airflow/dags/etl-raizen.py
[2021-11-19 12:41:49,031] {scheduler_job.py:639} INFO - DAG(s) dict_keys(['ETL-ANP']) retrieved from /opt/airflow/dags/etl-raizen.py
[2021-11-19 12:41:49,039] {logging_mixin.py:104} INFO - [2021-11-19 12:41:49,039] {dag.py:1824} INFO - Sync 1 DAGs
[2021-11-19 12:41:49,049] {logging_mixin.py:104} INFO - [2021-11-19 12:41:49,048] {dag.py:2280} INFO - Setting next_dagrun for ETL-ANP to 2021-11-18 23:29:22.276891+00:00
[2021-11-19 12:41:49,065] {scheduler_job.py:190} INFO - Processing /opt/airflow/dags/etl-raizen.py took 0.519 seconds
[2021-11-19 12:42:19,380] {scheduler_job.py:182} INFO - Started process (PID=392) to work on /opt/airflow/dags/etl-raizen.py
[2021-11-19 12:42:19,384] {scheduler_job.py:629} INFO - Processing file /opt/airflow/dags/etl-raizen.py for tasks to queue
[2021-11-19 12:42:19,387] {logging_mixin.py:104} INFO - [2021-11-19 12:42:19,387] {dagbag.py:451} INFO - Filling up the DagBag from /opt/airflow/dags/etl-raizen.py
[2021-11-19 12:42:19,839] {scheduler_job.py:639} INFO - DAG(s) dict_keys(['ETL-ANP']) retrieved from /opt/airflow/dags/etl-raizen.py
[2021-11-19 12:42:19,849] {logging_mixin.py:104} INFO - [2021-11-19 12:42:19,849] {dag.py:1824} INFO - Sync 1 DAGs
[2021-11-19 12:42:19,858] {logging_mixin.py:104} INFO - [2021-11-19 12:42:19,858] {dag.py:2280} INFO - Setting next_dagrun for ETL-ANP to 2021-11-18 23:29:22.276891+00:00
[2021-11-19 12:42:19,891] {scheduler_job.py:190} INFO - Processing /opt/airflow/dags/etl-raizen.py took 0.522 seconds
[2021-11-19 12:42:50,220] {scheduler_job.py:182} INFO - Started process (PID=404) to work on /opt/airflow/dags/etl-raizen.py
[2021-11-19 12:42:50,223] {scheduler_job.py:629} INFO - Processing file /opt/airflow/dags/etl-raizen.py for tasks to queue
[2021-11-19 12:42:50,225] {logging_mixin.py:104} INFO - [2021-11-19 12:42:50,224] {dagbag.py:451} INFO - Filling up the DagBag from /opt/airflow/dags/etl-raizen.py
[2021-11-19 12:42:50,640] {scheduler_job.py:639} INFO - DAG(s) dict_keys(['ETL-ANP']) retrieved from /opt/airflow/dags/etl-raizen.py
[2021-11-19 12:42:50,649] {logging_mixin.py:104} INFO - [2021-11-19 12:42:50,649] {dag.py:1824} INFO - Sync 1 DAGs
[2021-11-19 12:42:50,656] {logging_mixin.py:104} INFO - [2021-11-19 12:42:50,656] {dag.py:2280} INFO - Setting next_dagrun for ETL-ANP to 2021-11-18 23:29:22.276891+00:00
[2021-11-19 12:42:50,701] {scheduler_job.py:190} INFO - Processing /opt/airflow/dags/etl-raizen.py took 0.492 seconds
[2021-11-19 12:43:20,914] {scheduler_job.py:182} INFO - Started process (PID=417) to work on /opt/airflow/dags/etl-raizen.py
[2021-11-19 12:43:20,916] {scheduler_job.py:629} INFO - Processing file /opt/airflow/dags/etl-raizen.py for tasks to queue
[2021-11-19 12:43:20,917] {logging_mixin.py:104} INFO - [2021-11-19 12:43:20,917] {dagbag.py:451} INFO - Filling up the DagBag from /opt/airflow/dags/etl-raizen.py
[2021-11-19 12:43:21,321] {scheduler_job.py:639} INFO - DAG(s) dict_keys(['ETL-ANP']) retrieved from /opt/airflow/dags/etl-raizen.py
[2021-11-19 12:43:21,328] {logging_mixin.py:104} INFO - [2021-11-19 12:43:21,328] {dag.py:1824} INFO - Sync 1 DAGs
[2021-11-19 12:43:21,335] {logging_mixin.py:104} INFO - [2021-11-19 12:43:21,335] {dag.py:2280} INFO - Setting next_dagrun for ETL-ANP to 2021-11-18 23:29:22.276891+00:00
[2021-11-19 12:43:21,381] {scheduler_job.py:190} INFO - Processing /opt/airflow/dags/etl-raizen.py took 0.473 seconds
[2021-11-19 12:43:51,469] {scheduler_job.py:182} INFO - Started process (PID=429) to work on /opt/airflow/dags/etl-raizen.py
[2021-11-19 12:43:51,470] {scheduler_job.py:629} INFO - Processing file /opt/airflow/dags/etl-raizen.py for tasks to queue
[2021-11-19 12:43:51,470] {logging_mixin.py:104} INFO - [2021-11-19 12:43:51,470] {dagbag.py:451} INFO - Filling up the DagBag from /opt/airflow/dags/etl-raizen.py
[2021-11-19 12:43:51,854] {scheduler_job.py:639} INFO - DAG(s) dict_keys(['ETL-ANP']) retrieved from /opt/airflow/dags/etl-raizen.py
[2021-11-19 12:43:51,861] {logging_mixin.py:104} INFO - [2021-11-19 12:43:51,861] {dag.py:1824} INFO - Sync 1 DAGs
[2021-11-19 12:43:51,867] {logging_mixin.py:104} INFO - [2021-11-19 12:43:51,867] {dag.py:2280} INFO - Setting next_dagrun for ETL-ANP to 2021-11-18 23:29:22.276891+00:00
[2021-11-19 12:43:51,917] {scheduler_job.py:190} INFO - Processing /opt/airflow/dags/etl-raizen.py took 0.450 seconds
[2021-11-19 12:44:22,112] {scheduler_job.py:182} INFO - Started process (PID=513) to work on /opt/airflow/dags/etl-raizen.py
[2021-11-19 12:44:22,113] {scheduler_job.py:629} INFO - Processing file /opt/airflow/dags/etl-raizen.py for tasks to queue
[2021-11-19 12:44:22,115] {logging_mixin.py:104} INFO - [2021-11-19 12:44:22,114] {dagbag.py:451} INFO - Filling up the DagBag from /opt/airflow/dags/etl-raizen.py
[2021-11-19 12:44:22,537] {scheduler_job.py:639} INFO - DAG(s) dict_keys(['ETL-ANP']) retrieved from /opt/airflow/dags/etl-raizen.py
[2021-11-19 12:44:22,544] {logging_mixin.py:104} INFO - [2021-11-19 12:44:22,544] {dag.py:1824} INFO - Sync 1 DAGs
[2021-11-19 12:44:22,551] {logging_mixin.py:104} INFO - [2021-11-19 12:44:22,551] {dag.py:2280} INFO - Setting next_dagrun for ETL-ANP to 2021-11-18 23:29:22.276891+00:00
[2021-11-19 12:44:22,588] {scheduler_job.py:190} INFO - Processing /opt/airflow/dags/etl-raizen.py took 0.480 seconds
[2021-11-19 12:44:52,801] {scheduler_job.py:182} INFO - Started process (PID=524) to work on /opt/airflow/dags/etl-raizen.py
[2021-11-19 12:44:52,802] {scheduler_job.py:629} INFO - Processing file /opt/airflow/dags/etl-raizen.py for tasks to queue
[2021-11-19 12:44:52,803] {logging_mixin.py:104} INFO - [2021-11-19 12:44:52,802] {dagbag.py:451} INFO - Filling up the DagBag from /opt/airflow/dags/etl-raizen.py
[2021-11-19 12:44:53,203] {scheduler_job.py:639} INFO - DAG(s) dict_keys(['ETL-ANP']) retrieved from /opt/airflow/dags/etl-raizen.py
[2021-11-19 12:44:53,210] {logging_mixin.py:104} INFO - [2021-11-19 12:44:53,210] {dag.py:1824} INFO - Sync 1 DAGs
[2021-11-19 12:44:53,216] {logging_mixin.py:104} INFO - [2021-11-19 12:44:53,216] {dag.py:2280} INFO - Setting next_dagrun for ETL-ANP to 2021-11-18 23:29:22.276891+00:00
[2021-11-19 12:44:53,258] {scheduler_job.py:190} INFO - Processing /opt/airflow/dags/etl-raizen.py took 0.461 seconds
[2021-11-19 12:45:23,379] {scheduler_job.py:182} INFO - Started process (PID=534) to work on /opt/airflow/dags/etl-raizen.py
[2021-11-19 12:45:23,380] {scheduler_job.py:629} INFO - Processing file /opt/airflow/dags/etl-raizen.py for tasks to queue
[2021-11-19 12:45:23,381] {logging_mixin.py:104} INFO - [2021-11-19 12:45:23,380] {dagbag.py:451} INFO - Filling up the DagBag from /opt/airflow/dags/etl-raizen.py
[2021-11-19 12:45:23,791] {scheduler_job.py:639} INFO - DAG(s) dict_keys(['ETL-ANP']) retrieved from /opt/airflow/dags/etl-raizen.py
[2021-11-19 12:45:23,798] {logging_mixin.py:104} INFO - [2021-11-19 12:45:23,798] {dag.py:1824} INFO - Sync 1 DAGs
[2021-11-19 12:45:23,805] {logging_mixin.py:104} INFO - [2021-11-19 12:45:23,805] {dag.py:2280} INFO - Setting next_dagrun for ETL-ANP to 2021-11-18 23:29:22.276891+00:00
[2021-11-19 12:45:23,835] {scheduler_job.py:190} INFO - Processing /opt/airflow/dags/etl-raizen.py took 0.459 seconds
[2021-11-19 12:52:37,072] {scheduler_job.py:182} INFO - Started process (PID=20) to work on /opt/airflow/dags/etl-raizen.py
[2021-11-19 12:52:37,073] {scheduler_job.py:629} INFO - Processing file /opt/airflow/dags/etl-raizen.py for tasks to queue
[2021-11-19 12:52:37,074] {logging_mixin.py:104} INFO - [2021-11-19 12:52:37,073] {dagbag.py:451} INFO - Filling up the DagBag from /opt/airflow/dags/etl-raizen.py
[2021-11-19 12:52:37,494] {logging_mixin.py:104} INFO - [2021-11-19 12:52:37,494] {dagbag.py:308} ERROR - Failed to import: /opt/airflow/dags/etl-raizen.py
Traceback (most recent call last):
  File "/usr/local/lib/python3.8/site-packages/airflow/models/dagbag.py", line 305, in _load_modules_from_file
    loader.exec_module(new_module)
  File "<frozen importlib._bootstrap_external>", line 843, in exec_module
  File "<frozen importlib._bootstrap>", line 219, in _call_with_frames_removed
  File "/opt/airflow/dags/etl-raizen.py", line 12, in <module>
    import pyarrow
ModuleNotFoundError: No module named 'pyarrow'
[2021-11-19 12:52:37,494] {scheduler_job.py:641} WARNING - No viable dags retrieved from /opt/airflow/dags/etl-raizen.py
[2021-11-19 12:52:37,525] {scheduler_job.py:190} INFO - Processing /opt/airflow/dags/etl-raizen.py took 0.455 seconds
[2021-11-19 12:52:40,256] {scheduler_job.py:182} INFO - Started process (PID=35) to work on /opt/airflow/dags/etl-raizen.py
[2021-11-19 12:52:40,257] {scheduler_job.py:629} INFO - Processing file /opt/airflow/dags/etl-raizen.py for tasks to queue
[2021-11-19 12:52:40,258] {logging_mixin.py:104} INFO - [2021-11-19 12:52:40,258] {dagbag.py:451} INFO - Filling up the DagBag from /opt/airflow/dags/etl-raizen.py
[2021-11-19 12:52:40,704] {logging_mixin.py:104} INFO - [2021-11-19 12:52:40,703] {dagbag.py:308} ERROR - Failed to import: /opt/airflow/dags/etl-raizen.py
Traceback (most recent call last):
  File "/usr/local/lib/python3.8/site-packages/airflow/models/dagbag.py", line 305, in _load_modules_from_file
    loader.exec_module(new_module)
  File "<frozen importlib._bootstrap_external>", line 843, in exec_module
  File "<frozen importlib._bootstrap>", line 219, in _call_with_frames_removed
  File "/opt/airflow/dags/etl-raizen.py", line 12, in <module>
    import pyarrow
ModuleNotFoundError: No module named 'pyarrow'
[2021-11-19 12:52:40,704] {scheduler_job.py:641} WARNING - No viable dags retrieved from /opt/airflow/dags/etl-raizen.py
[2021-11-19 12:52:40,735] {scheduler_job.py:190} INFO - Processing /opt/airflow/dags/etl-raizen.py took 0.482 seconds
[2021-11-19 12:52:40,798] {scheduler_job.py:182} INFO - Started process (PID=42) to work on /opt/airflow/dags/etl-raizen.py
[2021-11-19 12:52:40,799] {scheduler_job.py:629} INFO - Processing file /opt/airflow/dags/etl-raizen.py for tasks to queue
[2021-11-19 12:52:40,800] {logging_mixin.py:104} INFO - [2021-11-19 12:52:40,800] {dagbag.py:451} INFO - Filling up the DagBag from /opt/airflow/dags/etl-raizen.py
[2021-11-19 12:52:41,201] {logging_mixin.py:104} INFO - [2021-11-19 12:52:41,200] {dagbag.py:308} ERROR - Failed to import: /opt/airflow/dags/etl-raizen.py
Traceback (most recent call last):
  File "/usr/local/lib/python3.8/site-packages/airflow/models/dagbag.py", line 305, in _load_modules_from_file
    loader.exec_module(new_module)
  File "<frozen importlib._bootstrap_external>", line 843, in exec_module
  File "<frozen importlib._bootstrap>", line 219, in _call_with_frames_removed
  File "/opt/airflow/dags/etl-raizen.py", line 12, in <module>
    import pyarrow
ModuleNotFoundError: No module named 'pyarrow'
[2021-11-19 12:52:41,201] {scheduler_job.py:641} WARNING - No viable dags retrieved from /opt/airflow/dags/etl-raizen.py
[2021-11-19 12:52:41,235] {scheduler_job.py:190} INFO - Processing /opt/airflow/dags/etl-raizen.py took 0.439 seconds
[2021-11-19 12:53:11,513] {scheduler_job.py:182} INFO - Started process (PID=70) to work on /opt/airflow/dags/etl-raizen.py
[2021-11-19 12:53:11,514] {scheduler_job.py:629} INFO - Processing file /opt/airflow/dags/etl-raizen.py for tasks to queue
[2021-11-19 12:53:11,514] {logging_mixin.py:104} INFO - [2021-11-19 12:53:11,514] {dagbag.py:451} INFO - Filling up the DagBag from /opt/airflow/dags/etl-raizen.py
[2021-11-19 12:53:11,971] {logging_mixin.py:104} INFO - [2021-11-19 12:53:11,970] {dagbag.py:308} ERROR - Failed to import: /opt/airflow/dags/etl-raizen.py
Traceback (most recent call last):
  File "/usr/local/lib/python3.8/site-packages/airflow/models/dagbag.py", line 305, in _load_modules_from_file
    loader.exec_module(new_module)
  File "<frozen importlib._bootstrap_external>", line 843, in exec_module
  File "<frozen importlib._bootstrap>", line 219, in _call_with_frames_removed
  File "/opt/airflow/dags/etl-raizen.py", line 12, in <module>
    import pyarrow
ModuleNotFoundError: No module named 'pyarrow'
[2021-11-19 12:53:11,971] {scheduler_job.py:641} WARNING - No viable dags retrieved from /opt/airflow/dags/etl-raizen.py
[2021-11-19 12:53:12,022] {scheduler_job.py:190} INFO - Processing /opt/airflow/dags/etl-raizen.py took 0.511 seconds
[2021-11-19 12:53:42,373] {scheduler_job.py:182} INFO - Started process (PID=82) to work on /opt/airflow/dags/etl-raizen.py
[2021-11-19 12:53:42,375] {scheduler_job.py:629} INFO - Processing file /opt/airflow/dags/etl-raizen.py for tasks to queue
[2021-11-19 12:53:42,377] {logging_mixin.py:104} INFO - [2021-11-19 12:53:42,376] {dagbag.py:451} INFO - Filling up the DagBag from /opt/airflow/dags/etl-raizen.py
[2021-11-19 12:53:42,840] {logging_mixin.py:104} INFO - [2021-11-19 12:53:42,839] {dagbag.py:308} ERROR - Failed to import: /opt/airflow/dags/etl-raizen.py
Traceback (most recent call last):
  File "/usr/local/lib/python3.8/site-packages/airflow/models/dagbag.py", line 305, in _load_modules_from_file
    loader.exec_module(new_module)
  File "<frozen importlib._bootstrap_external>", line 843, in exec_module
  File "<frozen importlib._bootstrap>", line 219, in _call_with_frames_removed
  File "/opt/airflow/dags/etl-raizen.py", line 12, in <module>
    import pyarrow
ModuleNotFoundError: No module named 'pyarrow'
[2021-11-19 12:53:42,840] {scheduler_job.py:641} WARNING - No viable dags retrieved from /opt/airflow/dags/etl-raizen.py
[2021-11-19 12:53:42,854] {scheduler_job.py:190} INFO - Processing /opt/airflow/dags/etl-raizen.py took 0.492 seconds
[2021-11-19 12:58:29,653] {scheduler_job.py:182} INFO - Started process (PID=21) to work on /opt/airflow/dags/etl-raizen.py
[2021-11-19 12:58:29,654] {scheduler_job.py:629} INFO - Processing file /opt/airflow/dags/etl-raizen.py for tasks to queue
[2021-11-19 12:58:29,654] {logging_mixin.py:104} INFO - [2021-11-19 12:58:29,654] {dagbag.py:451} INFO - Filling up the DagBag from /opt/airflow/dags/etl-raizen.py
[2021-11-19 12:58:30,096] {logging_mixin.py:104} INFO - [2021-11-19 12:58:30,095] {dagbag.py:308} ERROR - Failed to import: /opt/airflow/dags/etl-raizen.py
Traceback (most recent call last):
  File "/usr/local/lib/python3.8/site-packages/airflow/models/dagbag.py", line 305, in _load_modules_from_file
    loader.exec_module(new_module)
  File "<frozen importlib._bootstrap_external>", line 843, in exec_module
  File "<frozen importlib._bootstrap>", line 219, in _call_with_frames_removed
  File "/opt/airflow/dags/etl-raizen.py", line 12, in <module>
    import fastparquet
ModuleNotFoundError: No module named 'fastparquet'
[2021-11-19 12:58:30,096] {scheduler_job.py:641} WARNING - No viable dags retrieved from /opt/airflow/dags/etl-raizen.py
[2021-11-19 12:58:30,113] {scheduler_job.py:190} INFO - Processing /opt/airflow/dags/etl-raizen.py took 0.462 seconds
[2021-11-19 12:58:32,668] {scheduler_job.py:182} INFO - Started process (PID=36) to work on /opt/airflow/dags/etl-raizen.py
[2021-11-19 12:58:32,669] {scheduler_job.py:629} INFO - Processing file /opt/airflow/dags/etl-raizen.py for tasks to queue
[2021-11-19 12:58:32,669] {logging_mixin.py:104} INFO - [2021-11-19 12:58:32,669] {dagbag.py:451} INFO - Filling up the DagBag from /opt/airflow/dags/etl-raizen.py
[2021-11-19 12:58:33,095] {logging_mixin.py:104} INFO - [2021-11-19 12:58:33,095] {dagbag.py:308} ERROR - Failed to import: /opt/airflow/dags/etl-raizen.py
Traceback (most recent call last):
  File "/usr/local/lib/python3.8/site-packages/airflow/models/dagbag.py", line 305, in _load_modules_from_file
    loader.exec_module(new_module)
  File "<frozen importlib._bootstrap_external>", line 843, in exec_module
  File "<frozen importlib._bootstrap>", line 219, in _call_with_frames_removed
  File "/opt/airflow/dags/etl-raizen.py", line 12, in <module>
    import fastparquet
ModuleNotFoundError: No module named 'fastparquet'
[2021-11-19 12:58:33,096] {scheduler_job.py:641} WARNING - No viable dags retrieved from /opt/airflow/dags/etl-raizen.py
[2021-11-19 12:58:33,112] {scheduler_job.py:190} INFO - Processing /opt/airflow/dags/etl-raizen.py took 0.446 seconds
[2021-11-19 12:58:33,181] {scheduler_job.py:182} INFO - Started process (PID=43) to work on /opt/airflow/dags/etl-raizen.py
[2021-11-19 12:58:33,182] {scheduler_job.py:629} INFO - Processing file /opt/airflow/dags/etl-raizen.py for tasks to queue
[2021-11-19 12:58:33,182] {logging_mixin.py:104} INFO - [2021-11-19 12:58:33,182] {dagbag.py:451} INFO - Filling up the DagBag from /opt/airflow/dags/etl-raizen.py
[2021-11-19 12:58:33,610] {logging_mixin.py:104} INFO - [2021-11-19 12:58:33,610] {dagbag.py:308} ERROR - Failed to import: /opt/airflow/dags/etl-raizen.py
Traceback (most recent call last):
  File "/usr/local/lib/python3.8/site-packages/airflow/models/dagbag.py", line 305, in _load_modules_from_file
    loader.exec_module(new_module)
  File "<frozen importlib._bootstrap_external>", line 843, in exec_module
  File "<frozen importlib._bootstrap>", line 219, in _call_with_frames_removed
  File "/opt/airflow/dags/etl-raizen.py", line 12, in <module>
    import fastparquet
ModuleNotFoundError: No module named 'fastparquet'
[2021-11-19 12:58:33,610] {scheduler_job.py:641} WARNING - No viable dags retrieved from /opt/airflow/dags/etl-raizen.py
[2021-11-19 12:58:33,628] {scheduler_job.py:190} INFO - Processing /opt/airflow/dags/etl-raizen.py took 0.450 seconds
[2021-11-19 12:59:04,273] {scheduler_job.py:182} INFO - Started process (PID=71) to work on /opt/airflow/dags/etl-raizen.py
[2021-11-19 12:59:04,274] {scheduler_job.py:629} INFO - Processing file /opt/airflow/dags/etl-raizen.py for tasks to queue
[2021-11-19 12:59:04,274] {logging_mixin.py:104} INFO - [2021-11-19 12:59:04,274] {dagbag.py:451} INFO - Filling up the DagBag from /opt/airflow/dags/etl-raizen.py
[2021-11-19 12:59:04,677] {logging_mixin.py:104} INFO - [2021-11-19 12:59:04,677] {dagbag.py:308} ERROR - Failed to import: /opt/airflow/dags/etl-raizen.py
Traceback (most recent call last):
  File "/usr/local/lib/python3.8/site-packages/airflow/models/dagbag.py", line 305, in _load_modules_from_file
    loader.exec_module(new_module)
  File "<frozen importlib._bootstrap_external>", line 843, in exec_module
  File "<frozen importlib._bootstrap>", line 219, in _call_with_frames_removed
  File "/opt/airflow/dags/etl-raizen.py", line 12, in <module>
    import fastparquet
ModuleNotFoundError: No module named 'fastparquet'
[2021-11-19 12:59:04,678] {scheduler_job.py:641} WARNING - No viable dags retrieved from /opt/airflow/dags/etl-raizen.py
[2021-11-19 12:59:04,696] {scheduler_job.py:190} INFO - Processing /opt/airflow/dags/etl-raizen.py took 0.426 seconds
[2021-11-19 12:59:35,585] {scheduler_job.py:182} INFO - Started process (PID=83) to work on /opt/airflow/dags/etl-raizen.py
[2021-11-19 12:59:35,586] {scheduler_job.py:629} INFO - Processing file /opt/airflow/dags/etl-raizen.py for tasks to queue
[2021-11-19 12:59:35,587] {logging_mixin.py:104} INFO - [2021-11-19 12:59:35,586] {dagbag.py:451} INFO - Filling up the DagBag from /opt/airflow/dags/etl-raizen.py
[2021-11-19 12:59:35,995] {logging_mixin.py:104} INFO - [2021-11-19 12:59:35,995] {dagbag.py:308} ERROR - Failed to import: /opt/airflow/dags/etl-raizen.py
Traceback (most recent call last):
  File "/usr/local/lib/python3.8/site-packages/airflow/models/dagbag.py", line 305, in _load_modules_from_file
    loader.exec_module(new_module)
  File "<frozen importlib._bootstrap_external>", line 843, in exec_module
  File "<frozen importlib._bootstrap>", line 219, in _call_with_frames_removed
  File "/opt/airflow/dags/etl-raizen.py", line 12, in <module>
    import fastparquet
ModuleNotFoundError: No module named 'fastparquet'
[2021-11-19 12:59:35,996] {scheduler_job.py:641} WARNING - No viable dags retrieved from /opt/airflow/dags/etl-raizen.py
[2021-11-19 12:59:36,015] {scheduler_job.py:190} INFO - Processing /opt/airflow/dags/etl-raizen.py took 0.434 seconds
[2021-11-19 13:00:06,586] {scheduler_job.py:182} INFO - Started process (PID=95) to work on /opt/airflow/dags/etl-raizen.py
[2021-11-19 13:00:06,587] {scheduler_job.py:629} INFO - Processing file /opt/airflow/dags/etl-raizen.py for tasks to queue
[2021-11-19 13:00:06,588] {logging_mixin.py:104} INFO - [2021-11-19 13:00:06,588] {dagbag.py:451} INFO - Filling up the DagBag from /opt/airflow/dags/etl-raizen.py
[2021-11-19 13:00:06,980] {logging_mixin.py:104} INFO - [2021-11-19 13:00:06,980] {dagbag.py:308} ERROR - Failed to import: /opt/airflow/dags/etl-raizen.py
Traceback (most recent call last):
  File "/usr/local/lib/python3.8/site-packages/airflow/models/dagbag.py", line 305, in _load_modules_from_file
    loader.exec_module(new_module)
  File "<frozen importlib._bootstrap_external>", line 843, in exec_module
  File "<frozen importlib._bootstrap>", line 219, in _call_with_frames_removed
  File "/opt/airflow/dags/etl-raizen.py", line 12, in <module>
    import fastparquet
ModuleNotFoundError: No module named 'fastparquet'
[2021-11-19 13:00:06,981] {scheduler_job.py:641} WARNING - No viable dags retrieved from /opt/airflow/dags/etl-raizen.py
[2021-11-19 13:00:06,997] {scheduler_job.py:190} INFO - Processing /opt/airflow/dags/etl-raizen.py took 0.413 seconds
[2021-11-19 13:00:37,547] {scheduler_job.py:182} INFO - Started process (PID=105) to work on /opt/airflow/dags/etl-raizen.py
[2021-11-19 13:00:37,548] {scheduler_job.py:629} INFO - Processing file /opt/airflow/dags/etl-raizen.py for tasks to queue
[2021-11-19 13:00:37,548] {logging_mixin.py:104} INFO - [2021-11-19 13:00:37,548] {dagbag.py:451} INFO - Filling up the DagBag from /opt/airflow/dags/etl-raizen.py
[2021-11-19 13:00:37,930] {logging_mixin.py:104} INFO - [2021-11-19 13:00:37,930] {dagbag.py:308} ERROR - Failed to import: /opt/airflow/dags/etl-raizen.py
Traceback (most recent call last):
  File "/usr/local/lib/python3.8/site-packages/airflow/models/dagbag.py", line 305, in _load_modules_from_file
    loader.exec_module(new_module)
  File "<frozen importlib._bootstrap_external>", line 843, in exec_module
  File "<frozen importlib._bootstrap>", line 219, in _call_with_frames_removed
  File "/opt/airflow/dags/etl-raizen.py", line 12, in <module>
    import fastparquet
ModuleNotFoundError: No module named 'fastparquet'
[2021-11-19 13:00:37,930] {scheduler_job.py:641} WARNING - No viable dags retrieved from /opt/airflow/dags/etl-raizen.py
[2021-11-19 13:00:37,968] {scheduler_job.py:190} INFO - Processing /opt/airflow/dags/etl-raizen.py took 0.424 seconds
[2021-11-19 13:04:51,242] {scheduler_job.py:182} INFO - Started process (PID=21) to work on /opt/airflow/dags/etl-raizen.py
[2021-11-19 13:04:51,243] {scheduler_job.py:629} INFO - Processing file /opt/airflow/dags/etl-raizen.py for tasks to queue
[2021-11-19 13:04:51,244] {logging_mixin.py:104} INFO - [2021-11-19 13:04:51,244] {dagbag.py:451} INFO - Filling up the DagBag from /opt/airflow/dags/etl-raizen.py
[2021-11-19 13:04:51,765] {logging_mixin.py:104} INFO - [2021-11-19 13:04:51,764] {dagbag.py:308} ERROR - Failed to import: /opt/airflow/dags/etl-raizen.py
Traceback (most recent call last):
  File "/usr/local/lib/python3.8/site-packages/airflow/models/dagbag.py", line 305, in _load_modules_from_file
    loader.exec_module(new_module)
  File "<frozen importlib._bootstrap_external>", line 843, in exec_module
  File "<frozen importlib._bootstrap>", line 219, in _call_with_frames_removed
  File "/opt/airflow/dags/etl-raizen.py", line 12, in <module>
    import fastparquet
ModuleNotFoundError: No module named 'fastparquet'
[2021-11-19 13:04:51,765] {scheduler_job.py:641} WARNING - No viable dags retrieved from /opt/airflow/dags/etl-raizen.py
[2021-11-19 13:04:51,779] {scheduler_job.py:190} INFO - Processing /opt/airflow/dags/etl-raizen.py took 0.541 seconds
[2021-11-19 13:04:54,802] {scheduler_job.py:182} INFO - Started process (PID=36) to work on /opt/airflow/dags/etl-raizen.py
[2021-11-19 13:04:54,804] {scheduler_job.py:629} INFO - Processing file /opt/airflow/dags/etl-raizen.py for tasks to queue
[2021-11-19 13:04:54,804] {logging_mixin.py:104} INFO - [2021-11-19 13:04:54,804] {dagbag.py:451} INFO - Filling up the DagBag from /opt/airflow/dags/etl-raizen.py
[2021-11-19 13:04:55,295] {logging_mixin.py:104} INFO - [2021-11-19 13:04:55,294] {dagbag.py:308} ERROR - Failed to import: /opt/airflow/dags/etl-raizen.py
Traceback (most recent call last):
  File "/usr/local/lib/python3.8/site-packages/airflow/models/dagbag.py", line 305, in _load_modules_from_file
    loader.exec_module(new_module)
  File "<frozen importlib._bootstrap_external>", line 843, in exec_module
  File "<frozen importlib._bootstrap>", line 219, in _call_with_frames_removed
  File "/opt/airflow/dags/etl-raizen.py", line 12, in <module>
    import fastparquet
ModuleNotFoundError: No module named 'fastparquet'
[2021-11-19 13:04:55,296] {scheduler_job.py:641} WARNING - No viable dags retrieved from /opt/airflow/dags/etl-raizen.py
[2021-11-19 13:04:55,312] {scheduler_job.py:190} INFO - Processing /opt/airflow/dags/etl-raizen.py took 0.514 seconds
[2021-11-19 13:04:55,382] {scheduler_job.py:182} INFO - Started process (PID=43) to work on /opt/airflow/dags/etl-raizen.py
[2021-11-19 13:04:55,384] {scheduler_job.py:629} INFO - Processing file /opt/airflow/dags/etl-raizen.py for tasks to queue
[2021-11-19 13:04:55,384] {logging_mixin.py:104} INFO - [2021-11-19 13:04:55,384] {dagbag.py:451} INFO - Filling up the DagBag from /opt/airflow/dags/etl-raizen.py
[2021-11-19 13:04:55,998] {logging_mixin.py:104} INFO - [2021-11-19 13:04:55,997] {dagbag.py:308} ERROR - Failed to import: /opt/airflow/dags/etl-raizen.py
Traceback (most recent call last):
  File "/usr/local/lib/python3.8/site-packages/airflow/models/dagbag.py", line 305, in _load_modules_from_file
    loader.exec_module(new_module)
  File "<frozen importlib._bootstrap_external>", line 843, in exec_module
  File "<frozen importlib._bootstrap>", line 219, in _call_with_frames_removed
  File "/opt/airflow/dags/etl-raizen.py", line 12, in <module>
    import fastparquet
ModuleNotFoundError: No module named 'fastparquet'
[2021-11-19 13:04:55,998] {scheduler_job.py:641} WARNING - No viable dags retrieved from /opt/airflow/dags/etl-raizen.py
[2021-11-19 13:04:56,022] {scheduler_job.py:190} INFO - Processing /opt/airflow/dags/etl-raizen.py took 0.643 seconds
[2021-11-19 13:05:26,256] {scheduler_job.py:182} INFO - Started process (PID=72) to work on /opt/airflow/dags/etl-raizen.py
[2021-11-19 13:05:26,258] {scheduler_job.py:629} INFO - Processing file /opt/airflow/dags/etl-raizen.py for tasks to queue
[2021-11-19 13:05:26,258] {logging_mixin.py:104} INFO - [2021-11-19 13:05:26,258] {dagbag.py:451} INFO - Filling up the DagBag from /opt/airflow/dags/etl-raizen.py
[2021-11-19 13:05:26,681] {logging_mixin.py:104} INFO - [2021-11-19 13:05:26,680] {dagbag.py:308} ERROR - Failed to import: /opt/airflow/dags/etl-raizen.py
Traceback (most recent call last):
  File "/usr/local/lib/python3.8/site-packages/airflow/models/dagbag.py", line 305, in _load_modules_from_file
    loader.exec_module(new_module)
  File "<frozen importlib._bootstrap_external>", line 843, in exec_module
  File "<frozen importlib._bootstrap>", line 219, in _call_with_frames_removed
  File "/opt/airflow/dags/etl-raizen.py", line 12, in <module>
    import fastparquet
ModuleNotFoundError: No module named 'fastparquet'
[2021-11-19 13:05:26,681] {scheduler_job.py:641} WARNING - No viable dags retrieved from /opt/airflow/dags/etl-raizen.py
[2021-11-19 13:05:26,698] {scheduler_job.py:190} INFO - Processing /opt/airflow/dags/etl-raizen.py took 0.446 seconds
[2021-11-19 13:05:56,823] {scheduler_job.py:182} INFO - Started process (PID=83) to work on /opt/airflow/dags/etl-raizen.py
[2021-11-19 13:05:56,824] {scheduler_job.py:629} INFO - Processing file /opt/airflow/dags/etl-raizen.py for tasks to queue
[2021-11-19 13:05:56,824] {logging_mixin.py:104} INFO - [2021-11-19 13:05:56,824] {dagbag.py:451} INFO - Filling up the DagBag from /opt/airflow/dags/etl-raizen.py
[2021-11-19 13:05:57,257] {logging_mixin.py:104} INFO - [2021-11-19 13:05:57,257] {dagbag.py:308} ERROR - Failed to import: /opt/airflow/dags/etl-raizen.py
Traceback (most recent call last):
  File "/usr/local/lib/python3.8/site-packages/airflow/models/dagbag.py", line 305, in _load_modules_from_file
    loader.exec_module(new_module)
  File "<frozen importlib._bootstrap_external>", line 843, in exec_module
  File "<frozen importlib._bootstrap>", line 219, in _call_with_frames_removed
  File "/opt/airflow/dags/etl-raizen.py", line 12, in <module>
    import fastparquet
ModuleNotFoundError: No module named 'fastparquet'
[2021-11-19 13:05:57,258] {scheduler_job.py:641} WARNING - No viable dags retrieved from /opt/airflow/dags/etl-raizen.py
[2021-11-19 13:05:57,274] {scheduler_job.py:190} INFO - Processing /opt/airflow/dags/etl-raizen.py took 0.454 seconds
[2021-11-19 13:06:27,321] {scheduler_job.py:182} INFO - Started process (PID=94) to work on /opt/airflow/dags/etl-raizen.py
[2021-11-19 13:06:27,322] {scheduler_job.py:629} INFO - Processing file /opt/airflow/dags/etl-raizen.py for tasks to queue
[2021-11-19 13:06:27,323] {logging_mixin.py:104} INFO - [2021-11-19 13:06:27,323] {dagbag.py:451} INFO - Filling up the DagBag from /opt/airflow/dags/etl-raizen.py
[2021-11-19 13:06:27,761] {logging_mixin.py:104} INFO - [2021-11-19 13:06:27,761] {dagbag.py:308} ERROR - Failed to import: /opt/airflow/dags/etl-raizen.py
Traceback (most recent call last):
  File "/usr/local/lib/python3.8/site-packages/airflow/models/dagbag.py", line 305, in _load_modules_from_file
    loader.exec_module(new_module)
  File "<frozen importlib._bootstrap_external>", line 843, in exec_module
  File "<frozen importlib._bootstrap>", line 219, in _call_with_frames_removed
  File "/opt/airflow/dags/etl-raizen.py", line 12, in <module>
    import fastparquet
ModuleNotFoundError: No module named 'fastparquet'
[2021-11-19 13:06:27,761] {scheduler_job.py:641} WARNING - No viable dags retrieved from /opt/airflow/dags/etl-raizen.py
[2021-11-19 13:06:27,778] {scheduler_job.py:190} INFO - Processing /opt/airflow/dags/etl-raizen.py took 0.460 seconds
[2021-11-19 13:06:58,873] {scheduler_job.py:182} INFO - Started process (PID=105) to work on /opt/airflow/dags/etl-raizen.py
[2021-11-19 13:06:58,874] {scheduler_job.py:629} INFO - Processing file /opt/airflow/dags/etl-raizen.py for tasks to queue
[2021-11-19 13:06:58,874] {logging_mixin.py:104} INFO - [2021-11-19 13:06:58,874] {dagbag.py:451} INFO - Filling up the DagBag from /opt/airflow/dags/etl-raizen.py
[2021-11-19 13:06:59,307] {logging_mixin.py:104} INFO - [2021-11-19 13:06:59,306] {dagbag.py:308} ERROR - Failed to import: /opt/airflow/dags/etl-raizen.py
Traceback (most recent call last):
  File "/usr/local/lib/python3.8/site-packages/airflow/models/dagbag.py", line 305, in _load_modules_from_file
    loader.exec_module(new_module)
  File "<frozen importlib._bootstrap_external>", line 843, in exec_module
  File "<frozen importlib._bootstrap>", line 219, in _call_with_frames_removed
  File "/opt/airflow/dags/etl-raizen.py", line 12, in <module>
    import fastparquet
ModuleNotFoundError: No module named 'fastparquet'
[2021-11-19 13:06:59,307] {scheduler_job.py:641} WARNING - No viable dags retrieved from /opt/airflow/dags/etl-raizen.py
[2021-11-19 13:06:59,323] {scheduler_job.py:190} INFO - Processing /opt/airflow/dags/etl-raizen.py took 0.453 seconds
[2021-11-19 13:07:30,142] {scheduler_job.py:182} INFO - Started process (PID=117) to work on /opt/airflow/dags/etl-raizen.py
[2021-11-19 13:07:30,143] {scheduler_job.py:629} INFO - Processing file /opt/airflow/dags/etl-raizen.py for tasks to queue
[2021-11-19 13:07:30,143] {logging_mixin.py:104} INFO - [2021-11-19 13:07:30,143] {dagbag.py:451} INFO - Filling up the DagBag from /opt/airflow/dags/etl-raizen.py
[2021-11-19 13:07:30,566] {logging_mixin.py:104} INFO - [2021-11-19 13:07:30,565] {dagbag.py:308} ERROR - Failed to import: /opt/airflow/dags/etl-raizen.py
Traceback (most recent call last):
  File "/usr/local/lib/python3.8/site-packages/airflow/models/dagbag.py", line 305, in _load_modules_from_file
    loader.exec_module(new_module)
  File "<frozen importlib._bootstrap_external>", line 843, in exec_module
  File "<frozen importlib._bootstrap>", line 219, in _call_with_frames_removed
  File "/opt/airflow/dags/etl-raizen.py", line 12, in <module>
    import fastparquet
ModuleNotFoundError: No module named 'fastparquet'
[2021-11-19 13:07:30,566] {scheduler_job.py:641} WARNING - No viable dags retrieved from /opt/airflow/dags/etl-raizen.py
[2021-11-19 13:07:30,586] {scheduler_job.py:190} INFO - Processing /opt/airflow/dags/etl-raizen.py took 0.447 seconds
[2021-11-19 13:18:26,818] {scheduler_job.py:182} INFO - Started process (PID=21) to work on /opt/airflow/dags/etl-raizen.py
[2021-11-19 13:18:26,820] {scheduler_job.py:629} INFO - Processing file /opt/airflow/dags/etl-raizen.py for tasks to queue
[2021-11-19 13:18:26,821] {logging_mixin.py:104} INFO - [2021-11-19 13:18:26,820] {dagbag.py:451} INFO - Filling up the DagBag from /opt/airflow/dags/etl-raizen.py
[2021-11-19 13:18:27,372] {logging_mixin.py:104} INFO - [2021-11-19 13:18:27,372] {dagbag.py:308} ERROR - Failed to import: /opt/airflow/dags/etl-raizen.py
Traceback (most recent call last):
  File "/usr/local/lib/python3.8/site-packages/airflow/models/dagbag.py", line 305, in _load_modules_from_file
    loader.exec_module(new_module)
  File "<frozen importlib._bootstrap_external>", line 843, in exec_module
  File "<frozen importlib._bootstrap>", line 219, in _call_with_frames_removed
  File "/opt/airflow/dags/etl-raizen.py", line 12, in <module>
    from fastparquet import *
ModuleNotFoundError: No module named 'fastparquet'
[2021-11-19 13:18:27,373] {scheduler_job.py:641} WARNING - No viable dags retrieved from /opt/airflow/dags/etl-raizen.py
[2021-11-19 13:18:27,392] {scheduler_job.py:190} INFO - Processing /opt/airflow/dags/etl-raizen.py took 0.579 seconds
[2021-11-19 13:18:30,520] {scheduler_job.py:182} INFO - Started process (PID=36) to work on /opt/airflow/dags/etl-raizen.py
[2021-11-19 13:18:30,521] {scheduler_job.py:629} INFO - Processing file /opt/airflow/dags/etl-raizen.py for tasks to queue
[2021-11-19 13:18:30,522] {logging_mixin.py:104} INFO - [2021-11-19 13:18:30,522] {dagbag.py:451} INFO - Filling up the DagBag from /opt/airflow/dags/etl-raizen.py
[2021-11-19 13:18:31,018] {logging_mixin.py:104} INFO - [2021-11-19 13:18:31,017] {dagbag.py:308} ERROR - Failed to import: /opt/airflow/dags/etl-raizen.py
Traceback (most recent call last):
  File "/usr/local/lib/python3.8/site-packages/airflow/models/dagbag.py", line 305, in _load_modules_from_file
    loader.exec_module(new_module)
  File "<frozen importlib._bootstrap_external>", line 843, in exec_module
  File "<frozen importlib._bootstrap>", line 219, in _call_with_frames_removed
  File "/opt/airflow/dags/etl-raizen.py", line 12, in <module>
    from fastparquet import *
ModuleNotFoundError: No module named 'fastparquet'
[2021-11-19 13:18:31,018] {scheduler_job.py:641} WARNING - No viable dags retrieved from /opt/airflow/dags/etl-raizen.py
[2021-11-19 13:18:31,046] {scheduler_job.py:190} INFO - Processing /opt/airflow/dags/etl-raizen.py took 0.529 seconds
[2021-11-19 13:18:31,136] {scheduler_job.py:182} INFO - Started process (PID=40) to work on /opt/airflow/dags/etl-raizen.py
[2021-11-19 13:18:31,138] {scheduler_job.py:629} INFO - Processing file /opt/airflow/dags/etl-raizen.py for tasks to queue
[2021-11-19 13:18:31,138] {logging_mixin.py:104} INFO - [2021-11-19 13:18:31,138] {dagbag.py:451} INFO - Filling up the DagBag from /opt/airflow/dags/etl-raizen.py
[2021-11-19 13:18:31,670] {logging_mixin.py:104} INFO - [2021-11-19 13:18:31,670] {dagbag.py:308} ERROR - Failed to import: /opt/airflow/dags/etl-raizen.py
Traceback (most recent call last):
  File "/usr/local/lib/python3.8/site-packages/airflow/models/dagbag.py", line 305, in _load_modules_from_file
    loader.exec_module(new_module)
  File "<frozen importlib._bootstrap_external>", line 843, in exec_module
  File "<frozen importlib._bootstrap>", line 219, in _call_with_frames_removed
  File "/opt/airflow/dags/etl-raizen.py", line 12, in <module>
    from fastparquet import *
ModuleNotFoundError: No module named 'fastparquet'
[2021-11-19 13:18:31,671] {scheduler_job.py:641} WARNING - No viable dags retrieved from /opt/airflow/dags/etl-raizen.py
[2021-11-19 13:18:31,687] {scheduler_job.py:190} INFO - Processing /opt/airflow/dags/etl-raizen.py took 0.554 seconds
[2021-11-19 13:21:16,884] {scheduler_job.py:182} INFO - Started process (PID=20) to work on /opt/airflow/dags/etl-raizen.py
[2021-11-19 13:21:16,886] {scheduler_job.py:629} INFO - Processing file /opt/airflow/dags/etl-raizen.py for tasks to queue
[2021-11-19 13:21:16,889] {logging_mixin.py:104} INFO - [2021-11-19 13:21:16,889] {dagbag.py:451} INFO - Filling up the DagBag from /opt/airflow/dags/etl-raizen.py
[2021-11-19 13:21:17,388] {logging_mixin.py:104} INFO - [2021-11-19 13:21:17,387] {dagbag.py:308} ERROR - Failed to import: /opt/airflow/dags/etl-raizen.py
Traceback (most recent call last):
  File "/usr/local/lib/python3.8/site-packages/airflow/models/dagbag.py", line 305, in _load_modules_from_file
    loader.exec_module(new_module)
  File "<frozen importlib._bootstrap_external>", line 843, in exec_module
  File "<frozen importlib._bootstrap>", line 219, in _call_with_frames_removed
  File "/opt/airflow/dags/etl-raizen.py", line 12, in <module>
    from fastparquet import *
ModuleNotFoundError: No module named 'fastparquet'
[2021-11-19 13:21:17,388] {scheduler_job.py:641} WARNING - No viable dags retrieved from /opt/airflow/dags/etl-raizen.py
[2021-11-19 13:21:17,405] {scheduler_job.py:190} INFO - Processing /opt/airflow/dags/etl-raizen.py took 0.524 seconds
[2021-11-19 13:21:21,070] {scheduler_job.py:182} INFO - Started process (PID=35) to work on /opt/airflow/dags/etl-raizen.py
[2021-11-19 13:21:21,071] {scheduler_job.py:629} INFO - Processing file /opt/airflow/dags/etl-raizen.py for tasks to queue
[2021-11-19 13:21:21,072] {logging_mixin.py:104} INFO - [2021-11-19 13:21:21,072] {dagbag.py:451} INFO - Filling up the DagBag from /opt/airflow/dags/etl-raizen.py
[2021-11-19 13:21:21,609] {logging_mixin.py:104} INFO - [2021-11-19 13:21:21,608] {dagbag.py:308} ERROR - Failed to import: /opt/airflow/dags/etl-raizen.py
Traceback (most recent call last):
  File "/usr/local/lib/python3.8/site-packages/airflow/models/dagbag.py", line 305, in _load_modules_from_file
    loader.exec_module(new_module)
  File "<frozen importlib._bootstrap_external>", line 843, in exec_module
  File "<frozen importlib._bootstrap>", line 219, in _call_with_frames_removed
  File "/opt/airflow/dags/etl-raizen.py", line 12, in <module>
    from fastparquet import *
ModuleNotFoundError: No module named 'fastparquet'
[2021-11-19 13:21:21,609] {scheduler_job.py:641} WARNING - No viable dags retrieved from /opt/airflow/dags/etl-raizen.py
[2021-11-19 13:21:21,637] {scheduler_job.py:190} INFO - Processing /opt/airflow/dags/etl-raizen.py took 0.570 seconds
[2021-11-19 13:21:21,729] {scheduler_job.py:182} INFO - Started process (PID=42) to work on /opt/airflow/dags/etl-raizen.py
[2021-11-19 13:21:21,730] {scheduler_job.py:629} INFO - Processing file /opt/airflow/dags/etl-raizen.py for tasks to queue
[2021-11-19 13:21:21,731] {logging_mixin.py:104} INFO - [2021-11-19 13:21:21,731] {dagbag.py:451} INFO - Filling up the DagBag from /opt/airflow/dags/etl-raizen.py
[2021-11-19 13:21:22,250] {logging_mixin.py:104} INFO - [2021-11-19 13:21:22,249] {dagbag.py:308} ERROR - Failed to import: /opt/airflow/dags/etl-raizen.py
Traceback (most recent call last):
  File "/usr/local/lib/python3.8/site-packages/airflow/models/dagbag.py", line 305, in _load_modules_from_file
    loader.exec_module(new_module)
  File "<frozen importlib._bootstrap_external>", line 843, in exec_module
  File "<frozen importlib._bootstrap>", line 219, in _call_with_frames_removed
  File "/opt/airflow/dags/etl-raizen.py", line 12, in <module>
    from fastparquet import *
ModuleNotFoundError: No module named 'fastparquet'
[2021-11-19 13:21:22,250] {scheduler_job.py:641} WARNING - No viable dags retrieved from /opt/airflow/dags/etl-raizen.py
[2021-11-19 13:21:22,268] {scheduler_job.py:190} INFO - Processing /opt/airflow/dags/etl-raizen.py took 0.542 seconds
[2021-11-19 13:22:48,092] {scheduler_job.py:182} INFO - Started process (PID=21) to work on /opt/airflow/dags/etl-raizen.py
[2021-11-19 13:22:48,094] {scheduler_job.py:629} INFO - Processing file /opt/airflow/dags/etl-raizen.py for tasks to queue
[2021-11-19 13:22:48,094] {logging_mixin.py:104} INFO - [2021-11-19 13:22:48,094] {dagbag.py:451} INFO - Filling up the DagBag from /opt/airflow/dags/etl-raizen.py
[2021-11-19 13:22:48,664] {scheduler_job.py:639} INFO - DAG(s) dict_keys(['ETL-ANP']) retrieved from /opt/airflow/dags/etl-raizen.py
[2021-11-19 13:22:48,674] {logging_mixin.py:104} INFO - [2021-11-19 13:22:48,673] {dag.py:1824} INFO - Sync 1 DAGs
[2021-11-19 13:22:48,682] {logging_mixin.py:104} INFO - [2021-11-19 13:22:48,682] {dag.py:2280} INFO - Setting next_dagrun for ETL-ANP to 2021-11-18 23:29:22.276891+00:00
[2021-11-19 13:22:48,707] {scheduler_job.py:190} INFO - Processing /opt/airflow/dags/etl-raizen.py took 0.626 seconds
[2021-11-19 13:22:52,135] {scheduler_job.py:182} INFO - Started process (PID=36) to work on /opt/airflow/dags/etl-raizen.py
[2021-11-19 13:22:52,136] {scheduler_job.py:629} INFO - Processing file /opt/airflow/dags/etl-raizen.py for tasks to queue
[2021-11-19 13:22:52,136] {logging_mixin.py:104} INFO - [2021-11-19 13:22:52,136] {dagbag.py:451} INFO - Filling up the DagBag from /opt/airflow/dags/etl-raizen.py
[2021-11-19 13:22:52,696] {scheduler_job.py:639} INFO - DAG(s) dict_keys(['ETL-ANP']) retrieved from /opt/airflow/dags/etl-raizen.py
[2021-11-19 13:22:52,707] {logging_mixin.py:104} INFO - [2021-11-19 13:22:52,706] {dag.py:1824} INFO - Sync 1 DAGs
[2021-11-19 13:22:52,716] {logging_mixin.py:104} INFO - [2021-11-19 13:22:52,716] {dag.py:2280} INFO - Setting next_dagrun for ETL-ANP to 2021-11-18 23:29:22.276891+00:00
[2021-11-19 13:22:52,732] {scheduler_job.py:190} INFO - Processing /opt/airflow/dags/etl-raizen.py took 0.601 seconds
[2021-11-19 13:22:52,912] {scheduler_job.py:182} INFO - Started process (PID=43) to work on /opt/airflow/dags/etl-raizen.py
[2021-11-19 13:22:52,913] {scheduler_job.py:629} INFO - Processing file /opt/airflow/dags/etl-raizen.py for tasks to queue
[2021-11-19 13:22:52,914] {logging_mixin.py:104} INFO - [2021-11-19 13:22:52,914] {dagbag.py:451} INFO - Filling up the DagBag from /opt/airflow/dags/etl-raizen.py
[2021-11-19 13:22:53,444] {scheduler_job.py:639} INFO - DAG(s) dict_keys(['ETL-ANP']) retrieved from /opt/airflow/dags/etl-raizen.py
[2021-11-19 13:22:53,453] {logging_mixin.py:104} INFO - [2021-11-19 13:22:53,453] {dag.py:1824} INFO - Sync 1 DAGs
[2021-11-19 13:22:53,461] {logging_mixin.py:104} INFO - [2021-11-19 13:22:53,461] {dag.py:2280} INFO - Setting next_dagrun for ETL-ANP to 2021-11-18 23:29:22.276891+00:00
[2021-11-19 13:22:53,476] {scheduler_job.py:190} INFO - Processing /opt/airflow/dags/etl-raizen.py took 0.568 seconds
[2021-11-19 13:23:28,768] {scheduler_job.py:182} INFO - Started process (PID=79) to work on /opt/airflow/dags/etl-raizen.py
[2021-11-19 13:23:28,770] {scheduler_job.py:629} INFO - Processing file /opt/airflow/dags/etl-raizen.py for tasks to queue
[2021-11-19 13:23:28,770] {logging_mixin.py:104} INFO - [2021-11-19 13:23:28,770] {dagbag.py:451} INFO - Filling up the DagBag from /opt/airflow/dags/etl-raizen.py
[2021-11-19 13:23:29,346] {scheduler_job.py:639} INFO - DAG(s) dict_keys(['ETL-ANP']) retrieved from /opt/airflow/dags/etl-raizen.py
[2021-11-19 13:23:29,355] {logging_mixin.py:104} INFO - [2021-11-19 13:23:29,355] {dag.py:1824} INFO - Sync 1 DAGs
[2021-11-19 13:23:29,364] {logging_mixin.py:104} INFO - [2021-11-19 13:23:29,364] {dag.py:2280} INFO - Setting next_dagrun for ETL-ANP to 2021-11-18 23:29:22.276891+00:00
[2021-11-19 13:23:29,378] {scheduler_job.py:190} INFO - Processing /opt/airflow/dags/etl-raizen.py took 0.613 seconds
[2021-11-19 13:23:59,852] {scheduler_job.py:182} INFO - Started process (PID=156) to work on /opt/airflow/dags/etl-raizen.py
[2021-11-19 13:23:59,853] {scheduler_job.py:629} INFO - Processing file /opt/airflow/dags/etl-raizen.py for tasks to queue
[2021-11-19 13:23:59,854] {logging_mixin.py:104} INFO - [2021-11-19 13:23:59,854] {dagbag.py:451} INFO - Filling up the DagBag from /opt/airflow/dags/etl-raizen.py
[2021-11-19 13:24:00,283] {scheduler_job.py:639} INFO - DAG(s) dict_keys(['ETL-ANP']) retrieved from /opt/airflow/dags/etl-raizen.py
[2021-11-19 13:24:00,292] {logging_mixin.py:104} INFO - [2021-11-19 13:24:00,292] {dag.py:1824} INFO - Sync 1 DAGs
[2021-11-19 13:24:00,300] {logging_mixin.py:104} INFO - [2021-11-19 13:24:00,300] {dag.py:2280} INFO - Setting next_dagrun for ETL-ANP to 2021-11-18 23:29:22.276891+00:00
[2021-11-19 13:24:00,315] {scheduler_job.py:190} INFO - Processing /opt/airflow/dags/etl-raizen.py took 0.465 seconds
[2021-11-19 13:24:31,319] {scheduler_job.py:182} INFO - Started process (PID=167) to work on /opt/airflow/dags/etl-raizen.py
[2021-11-19 13:24:31,320] {scheduler_job.py:629} INFO - Processing file /opt/airflow/dags/etl-raizen.py for tasks to queue
[2021-11-19 13:24:31,321] {logging_mixin.py:104} INFO - [2021-11-19 13:24:31,321] {dagbag.py:451} INFO - Filling up the DagBag from /opt/airflow/dags/etl-raizen.py
[2021-11-19 13:24:31,784] {scheduler_job.py:639} INFO - DAG(s) dict_keys(['ETL-ANP']) retrieved from /opt/airflow/dags/etl-raizen.py
[2021-11-19 13:24:31,793] {logging_mixin.py:104} INFO - [2021-11-19 13:24:31,793] {dag.py:1824} INFO - Sync 1 DAGs
[2021-11-19 13:24:31,804] {logging_mixin.py:104} INFO - [2021-11-19 13:24:31,804] {dag.py:2280} INFO - Setting next_dagrun for ETL-ANP to 2021-11-18 23:29:22.276891+00:00
[2021-11-19 13:24:31,821] {scheduler_job.py:190} INFO - Processing /opt/airflow/dags/etl-raizen.py took 0.507 seconds
[2021-11-19 13:33:02,896] {scheduler_job.py:182} INFO - Started process (PID=20) to work on /opt/airflow/dags/etl-raizen.py
[2021-11-19 13:33:02,897] {scheduler_job.py:629} INFO - Processing file /opt/airflow/dags/etl-raizen.py for tasks to queue
[2021-11-19 13:33:02,898] {logging_mixin.py:104} INFO - [2021-11-19 13:33:02,898] {dagbag.py:451} INFO - Filling up the DagBag from /opt/airflow/dags/etl-raizen.py
[2021-11-19 13:33:03,379] {scheduler_job.py:639} INFO - DAG(s) dict_keys(['ETL-ANP']) retrieved from /opt/airflow/dags/etl-raizen.py
[2021-11-19 13:33:03,388] {logging_mixin.py:104} INFO - [2021-11-19 13:33:03,388] {dag.py:1824} INFO - Sync 1 DAGs
[2021-11-19 13:33:03,397] {logging_mixin.py:104} INFO - [2021-11-19 13:33:03,396] {dag.py:2280} INFO - Setting next_dagrun for ETL-ANP to 2021-11-18 23:29:22.276891+00:00
[2021-11-19 13:33:03,410] {scheduler_job.py:190} INFO - Processing /opt/airflow/dags/etl-raizen.py took 0.518 seconds
[2021-11-19 13:33:07,204] {scheduler_job.py:182} INFO - Started process (PID=35) to work on /opt/airflow/dags/etl-raizen.py
[2021-11-19 13:33:07,206] {scheduler_job.py:629} INFO - Processing file /opt/airflow/dags/etl-raizen.py for tasks to queue
[2021-11-19 13:33:07,206] {logging_mixin.py:104} INFO - [2021-11-19 13:33:07,206] {dagbag.py:451} INFO - Filling up the DagBag from /opt/airflow/dags/etl-raizen.py
[2021-11-19 13:33:07,731] {scheduler_job.py:639} INFO - DAG(s) dict_keys(['ETL-ANP']) retrieved from /opt/airflow/dags/etl-raizen.py
[2021-11-19 13:33:07,740] {logging_mixin.py:104} INFO - [2021-11-19 13:33:07,740] {dag.py:1824} INFO - Sync 1 DAGs
[2021-11-19 13:33:07,748] {logging_mixin.py:104} INFO - [2021-11-19 13:33:07,748] {dag.py:2280} INFO - Setting next_dagrun for ETL-ANP to 2021-11-18 23:29:22.276891+00:00
[2021-11-19 13:33:07,776] {scheduler_job.py:190} INFO - Processing /opt/airflow/dags/etl-raizen.py took 0.575 seconds
[2021-11-19 13:33:07,831] {scheduler_job.py:182} INFO - Started process (PID=42) to work on /opt/airflow/dags/etl-raizen.py
[2021-11-19 13:33:07,833] {scheduler_job.py:629} INFO - Processing file /opt/airflow/dags/etl-raizen.py for tasks to queue
[2021-11-19 13:33:07,833] {logging_mixin.py:104} INFO - [2021-11-19 13:33:07,833] {dagbag.py:451} INFO - Filling up the DagBag from /opt/airflow/dags/etl-raizen.py
[2021-11-19 13:33:08,346] {scheduler_job.py:639} INFO - DAG(s) dict_keys(['ETL-ANP']) retrieved from /opt/airflow/dags/etl-raizen.py
[2021-11-19 13:33:08,359] {logging_mixin.py:104} INFO - [2021-11-19 13:33:08,359] {dag.py:1824} INFO - Sync 1 DAGs
[2021-11-19 13:33:08,371] {logging_mixin.py:104} INFO - [2021-11-19 13:33:08,371] {dag.py:2280} INFO - Setting next_dagrun for ETL-ANP to 2021-11-18 23:29:22.276891+00:00
[2021-11-19 13:33:08,396] {scheduler_job.py:190} INFO - Processing /opt/airflow/dags/etl-raizen.py took 0.569 seconds
[2021-11-19 13:33:41,424] {scheduler_job.py:182} INFO - Started process (PID=126) to work on /opt/airflow/dags/etl-raizen.py
[2021-11-19 13:33:41,425] {scheduler_job.py:629} INFO - Processing file /opt/airflow/dags/etl-raizen.py for tasks to queue
[2021-11-19 13:33:41,426] {logging_mixin.py:104} INFO - [2021-11-19 13:33:41,426] {dagbag.py:451} INFO - Filling up the DagBag from /opt/airflow/dags/etl-raizen.py
[2021-11-19 13:33:41,984] {scheduler_job.py:639} INFO - DAG(s) dict_keys(['ETL-ANP']) retrieved from /opt/airflow/dags/etl-raizen.py
[2021-11-19 13:33:41,997] {logging_mixin.py:104} INFO - [2021-11-19 13:33:41,997] {dag.py:1824} INFO - Sync 1 DAGs
[2021-11-19 13:33:42,012] {logging_mixin.py:104} INFO - [2021-11-19 13:33:42,012] {dag.py:2280} INFO - Setting next_dagrun for ETL-ANP to 2021-11-18 23:29:22.276891+00:00
[2021-11-19 13:33:42,062] {scheduler_job.py:190} INFO - Processing /opt/airflow/dags/etl-raizen.py took 0.642 seconds
[2021-11-19 13:34:12,996] {scheduler_job.py:182} INFO - Started process (PID=152) to work on /opt/airflow/dags/etl-raizen.py
[2021-11-19 13:34:12,998] {scheduler_job.py:629} INFO - Processing file /opt/airflow/dags/etl-raizen.py for tasks to queue
[2021-11-19 13:34:12,999] {logging_mixin.py:104} INFO - [2021-11-19 13:34:12,999] {dagbag.py:451} INFO - Filling up the DagBag from /opt/airflow/dags/etl-raizen.py
[2021-11-19 13:34:13,419] {scheduler_job.py:639} INFO - DAG(s) dict_keys(['ETL-ANP']) retrieved from /opt/airflow/dags/etl-raizen.py
[2021-11-19 13:34:13,427] {logging_mixin.py:104} INFO - [2021-11-19 13:34:13,427] {dag.py:1824} INFO - Sync 1 DAGs
[2021-11-19 13:34:13,434] {logging_mixin.py:104} INFO - [2021-11-19 13:34:13,434] {dag.py:2280} INFO - Setting next_dagrun for ETL-ANP to 2021-11-18 23:29:22.276891+00:00
[2021-11-19 13:34:13,448] {scheduler_job.py:190} INFO - Processing /opt/airflow/dags/etl-raizen.py took 0.456 seconds
[2021-11-19 13:34:44,306] {scheduler_job.py:182} INFO - Started process (PID=162) to work on /opt/airflow/dags/etl-raizen.py
[2021-11-19 13:34:44,307] {scheduler_job.py:629} INFO - Processing file /opt/airflow/dags/etl-raizen.py for tasks to queue
[2021-11-19 13:34:44,308] {logging_mixin.py:104} INFO - [2021-11-19 13:34:44,308] {dagbag.py:451} INFO - Filling up the DagBag from /opt/airflow/dags/etl-raizen.py
[2021-11-19 13:34:44,750] {scheduler_job.py:639} INFO - DAG(s) dict_keys(['ETL-ANP']) retrieved from /opt/airflow/dags/etl-raizen.py
[2021-11-19 13:34:44,757] {logging_mixin.py:104} INFO - [2021-11-19 13:34:44,757] {dag.py:1824} INFO - Sync 1 DAGs
[2021-11-19 13:34:44,764] {logging_mixin.py:104} INFO - [2021-11-19 13:34:44,763] {dag.py:2280} INFO - Setting next_dagrun for ETL-ANP to 2021-11-18 23:29:22.276891+00:00
[2021-11-19 13:34:44,779] {scheduler_job.py:190} INFO - Processing /opt/airflow/dags/etl-raizen.py took 0.475 seconds
[2021-11-19 13:35:15,392] {scheduler_job.py:182} INFO - Started process (PID=173) to work on /opt/airflow/dags/etl-raizen.py
[2021-11-19 13:35:15,393] {scheduler_job.py:629} INFO - Processing file /opt/airflow/dags/etl-raizen.py for tasks to queue
[2021-11-19 13:35:15,394] {logging_mixin.py:104} INFO - [2021-11-19 13:35:15,393] {dagbag.py:451} INFO - Filling up the DagBag from /opt/airflow/dags/etl-raizen.py
[2021-11-19 13:35:15,820] {scheduler_job.py:639} INFO - DAG(s) dict_keys(['ETL-ANP']) retrieved from /opt/airflow/dags/etl-raizen.py
[2021-11-19 13:35:15,828] {logging_mixin.py:104} INFO - [2021-11-19 13:35:15,828] {dag.py:1824} INFO - Sync 1 DAGs
[2021-11-19 13:35:15,835] {logging_mixin.py:104} INFO - [2021-11-19 13:35:15,835] {dag.py:2280} INFO - Setting next_dagrun for ETL-ANP to 2021-11-18 23:29:22.276891+00:00
[2021-11-19 13:35:15,849] {scheduler_job.py:190} INFO - Processing /opt/airflow/dags/etl-raizen.py took 0.460 seconds
[2021-11-19 13:35:46,355] {scheduler_job.py:182} INFO - Started process (PID=183) to work on /opt/airflow/dags/etl-raizen.py
[2021-11-19 13:35:46,355] {scheduler_job.py:629} INFO - Processing file /opt/airflow/dags/etl-raizen.py for tasks to queue
[2021-11-19 13:35:46,356] {logging_mixin.py:104} INFO - [2021-11-19 13:35:46,356] {dagbag.py:451} INFO - Filling up the DagBag from /opt/airflow/dags/etl-raizen.py
[2021-11-19 13:35:46,777] {scheduler_job.py:639} INFO - DAG(s) dict_keys(['ETL-ANP']) retrieved from /opt/airflow/dags/etl-raizen.py
[2021-11-19 13:35:46,787] {logging_mixin.py:104} INFO - [2021-11-19 13:35:46,786] {dag.py:1824} INFO - Sync 1 DAGs
[2021-11-19 13:35:46,795] {logging_mixin.py:104} INFO - [2021-11-19 13:35:46,795] {dag.py:2280} INFO - Setting next_dagrun for ETL-ANP to 2021-11-18 23:29:22.276891+00:00
[2021-11-19 13:35:46,810] {scheduler_job.py:190} INFO - Processing /opt/airflow/dags/etl-raizen.py took 0.459 seconds
[2021-11-19 13:36:53,343] {scheduler_job.py:182} INFO - Started process (PID=21) to work on /opt/airflow/dags/etl-raizen.py
[2021-11-19 13:36:53,344] {scheduler_job.py:629} INFO - Processing file /opt/airflow/dags/etl-raizen.py for tasks to queue
[2021-11-19 13:36:53,345] {logging_mixin.py:104} INFO - [2021-11-19 13:36:53,345] {dagbag.py:451} INFO - Filling up the DagBag from /opt/airflow/dags/etl-raizen.py
[2021-11-19 13:36:53,842] {scheduler_job.py:639} INFO - DAG(s) dict_keys(['ETL-ANP']) retrieved from /opt/airflow/dags/etl-raizen.py
[2021-11-19 13:36:53,851] {logging_mixin.py:104} INFO - [2021-11-19 13:36:53,851] {dag.py:1824} INFO - Sync 1 DAGs
[2021-11-19 13:36:53,860] {logging_mixin.py:104} INFO - [2021-11-19 13:36:53,860] {dag.py:2280} INFO - Setting next_dagrun for ETL-ANP to 2021-11-18 23:29:22.276891+00:00
[2021-11-19 13:36:53,876] {scheduler_job.py:190} INFO - Processing /opt/airflow/dags/etl-raizen.py took 0.536 seconds
[2021-11-19 13:36:57,311] {scheduler_job.py:182} INFO - Started process (PID=36) to work on /opt/airflow/dags/etl-raizen.py
[2021-11-19 13:36:57,312] {scheduler_job.py:629} INFO - Processing file /opt/airflow/dags/etl-raizen.py for tasks to queue
[2021-11-19 13:36:57,313] {logging_mixin.py:104} INFO - [2021-11-19 13:36:57,313] {dagbag.py:451} INFO - Filling up the DagBag from /opt/airflow/dags/etl-raizen.py
[2021-11-19 13:36:57,877] {scheduler_job.py:639} INFO - DAG(s) dict_keys(['ETL-ANP']) retrieved from /opt/airflow/dags/etl-raizen.py
[2021-11-19 13:36:57,892] {logging_mixin.py:104} INFO - [2021-11-19 13:36:57,891] {dag.py:1824} INFO - Sync 1 DAGs
[2021-11-19 13:36:57,904] {logging_mixin.py:104} INFO - [2021-11-19 13:36:57,903] {dag.py:2280} INFO - Setting next_dagrun for ETL-ANP to 2021-11-18 23:29:22.276891+00:00
[2021-11-19 13:36:57,924] {scheduler_job.py:190} INFO - Processing /opt/airflow/dags/etl-raizen.py took 0.616 seconds
[2021-11-19 13:36:57,952] {scheduler_job.py:182} INFO - Started process (PID=43) to work on /opt/airflow/dags/etl-raizen.py
[2021-11-19 13:36:57,954] {scheduler_job.py:629} INFO - Processing file /opt/airflow/dags/etl-raizen.py for tasks to queue
[2021-11-19 13:36:57,954] {logging_mixin.py:104} INFO - [2021-11-19 13:36:57,954] {dagbag.py:451} INFO - Filling up the DagBag from /opt/airflow/dags/etl-raizen.py
[2021-11-19 13:36:58,733] {scheduler_job.py:639} INFO - DAG(s) dict_keys(['ETL-ANP']) retrieved from /opt/airflow/dags/etl-raizen.py
[2021-11-19 13:36:58,746] {logging_mixin.py:104} INFO - [2021-11-19 13:36:58,746] {dag.py:1824} INFO - Sync 1 DAGs
[2021-11-19 13:36:58,758] {logging_mixin.py:104} INFO - [2021-11-19 13:36:58,758] {dag.py:2280} INFO - Setting next_dagrun for ETL-ANP to 2021-11-18 23:29:22.276891+00:00
[2021-11-19 13:36:58,819] {scheduler_job.py:190} INFO - Processing /opt/airflow/dags/etl-raizen.py took 0.871 seconds
[2021-11-19 13:37:29,744] {scheduler_job.py:182} INFO - Started process (PID=73) to work on /opt/airflow/dags/etl-raizen.py
[2021-11-19 13:37:29,745] {scheduler_job.py:629} INFO - Processing file /opt/airflow/dags/etl-raizen.py for tasks to queue
[2021-11-19 13:37:29,746] {logging_mixin.py:104} INFO - [2021-11-19 13:37:29,745] {dagbag.py:451} INFO - Filling up the DagBag from /opt/airflow/dags/etl-raizen.py
[2021-11-19 13:37:30,184] {scheduler_job.py:639} INFO - DAG(s) dict_keys(['ETL-ANP']) retrieved from /opt/airflow/dags/etl-raizen.py
[2021-11-19 13:37:30,192] {logging_mixin.py:104} INFO - [2021-11-19 13:37:30,192] {dag.py:1824} INFO - Sync 1 DAGs
[2021-11-19 13:37:30,199] {logging_mixin.py:104} INFO - [2021-11-19 13:37:30,199] {dag.py:2280} INFO - Setting next_dagrun for ETL-ANP to 2021-11-18 23:29:22.276891+00:00
[2021-11-19 13:37:30,217] {scheduler_job.py:190} INFO - Processing /opt/airflow/dags/etl-raizen.py took 0.476 seconds
[2021-11-19 13:38:00,696] {scheduler_job.py:182} INFO - Started process (PID=155) to work on /opt/airflow/dags/etl-raizen.py
[2021-11-19 13:38:00,698] {scheduler_job.py:629} INFO - Processing file /opt/airflow/dags/etl-raizen.py for tasks to queue
[2021-11-19 13:38:00,698] {logging_mixin.py:104} INFO - [2021-11-19 13:38:00,698] {dagbag.py:451} INFO - Filling up the DagBag from /opt/airflow/dags/etl-raizen.py
[2021-11-19 13:38:01,125] {scheduler_job.py:639} INFO - DAG(s) dict_keys(['ETL-ANP']) retrieved from /opt/airflow/dags/etl-raizen.py
[2021-11-19 13:38:01,133] {logging_mixin.py:104} INFO - [2021-11-19 13:38:01,133] {dag.py:1824} INFO - Sync 1 DAGs
[2021-11-19 13:38:01,139] {logging_mixin.py:104} INFO - [2021-11-19 13:38:01,139] {dag.py:2280} INFO - Setting next_dagrun for ETL-ANP to 2021-11-18 23:29:22.276891+00:00
[2021-11-19 13:38:01,156] {scheduler_job.py:190} INFO - Processing /opt/airflow/dags/etl-raizen.py took 0.466 seconds
[2021-11-19 13:38:32,191] {scheduler_job.py:182} INFO - Started process (PID=165) to work on /opt/airflow/dags/etl-raizen.py
[2021-11-19 13:38:32,193] {scheduler_job.py:629} INFO - Processing file /opt/airflow/dags/etl-raizen.py for tasks to queue
[2021-11-19 13:38:32,194] {logging_mixin.py:104} INFO - [2021-11-19 13:38:32,194] {dagbag.py:451} INFO - Filling up the DagBag from /opt/airflow/dags/etl-raizen.py
[2021-11-19 13:38:32,685] {scheduler_job.py:639} INFO - DAG(s) dict_keys(['ETL-ANP']) retrieved from /opt/airflow/dags/etl-raizen.py
[2021-11-19 13:38:32,693] {logging_mixin.py:104} INFO - [2021-11-19 13:38:32,693] {dag.py:1824} INFO - Sync 1 DAGs
[2021-11-19 13:38:32,701] {logging_mixin.py:104} INFO - [2021-11-19 13:38:32,701] {dag.py:2280} INFO - Setting next_dagrun for ETL-ANP to 2021-11-18 23:29:22.276891+00:00
[2021-11-19 13:38:32,717] {scheduler_job.py:190} INFO - Processing /opt/airflow/dags/etl-raizen.py took 0.530 seconds
[2021-11-19 13:40:00,888] {scheduler_job.py:182} INFO - Started process (PID=21) to work on /opt/airflow/dags/etl-raizen.py
[2021-11-19 13:40:00,890] {scheduler_job.py:629} INFO - Processing file /opt/airflow/dags/etl-raizen.py for tasks to queue
[2021-11-19 13:40:00,890] {logging_mixin.py:104} INFO - [2021-11-19 13:40:00,890] {dagbag.py:451} INFO - Filling up the DagBag from /opt/airflow/dags/etl-raizen.py
[2021-11-19 13:40:01,492] {scheduler_job.py:639} INFO - DAG(s) dict_keys(['ETL-ANP']) retrieved from /opt/airflow/dags/etl-raizen.py
[2021-11-19 13:40:01,508] {logging_mixin.py:104} INFO - [2021-11-19 13:40:01,507] {dag.py:1824} INFO - Sync 1 DAGs
[2021-11-19 13:40:01,522] {logging_mixin.py:104} INFO - [2021-11-19 13:40:01,522] {dag.py:2280} INFO - Setting next_dagrun for ETL-ANP to 2021-11-18 23:29:22.276891+00:00
[2021-11-19 13:40:01,543] {scheduler_job.py:190} INFO - Processing /opt/airflow/dags/etl-raizen.py took 0.658 seconds
[2021-11-19 13:40:05,362] {scheduler_job.py:182} INFO - Started process (PID=36) to work on /opt/airflow/dags/etl-raizen.py
[2021-11-19 13:40:05,363] {scheduler_job.py:629} INFO - Processing file /opt/airflow/dags/etl-raizen.py for tasks to queue
[2021-11-19 13:40:05,363] {logging_mixin.py:104} INFO - [2021-11-19 13:40:05,363] {dagbag.py:451} INFO - Filling up the DagBag from /opt/airflow/dags/etl-raizen.py
[2021-11-19 13:40:05,917] {scheduler_job.py:639} INFO - DAG(s) dict_keys(['ETL-ANP']) retrieved from /opt/airflow/dags/etl-raizen.py
[2021-11-19 13:40:05,927] {logging_mixin.py:104} INFO - [2021-11-19 13:40:05,927] {dag.py:1824} INFO - Sync 1 DAGs
[2021-11-19 13:40:05,935] {logging_mixin.py:104} INFO - [2021-11-19 13:40:05,935] {dag.py:2280} INFO - Setting next_dagrun for ETL-ANP to 2021-11-18 23:29:22.276891+00:00
[2021-11-19 13:40:05,952] {scheduler_job.py:190} INFO - Processing /opt/airflow/dags/etl-raizen.py took 0.593 seconds
[2021-11-19 13:40:06,259] {scheduler_job.py:182} INFO - Started process (PID=43) to work on /opt/airflow/dags/etl-raizen.py
[2021-11-19 13:40:06,261] {scheduler_job.py:629} INFO - Processing file /opt/airflow/dags/etl-raizen.py for tasks to queue
[2021-11-19 13:40:06,261] {logging_mixin.py:104} INFO - [2021-11-19 13:40:06,261] {dagbag.py:451} INFO - Filling up the DagBag from /opt/airflow/dags/etl-raizen.py
[2021-11-19 13:40:06,808] {scheduler_job.py:639} INFO - DAG(s) dict_keys(['ETL-ANP']) retrieved from /opt/airflow/dags/etl-raizen.py
[2021-11-19 13:40:06,819] {logging_mixin.py:104} INFO - [2021-11-19 13:40:06,819] {dag.py:1824} INFO - Sync 1 DAGs
[2021-11-19 13:40:06,829] {logging_mixin.py:104} INFO - [2021-11-19 13:40:06,829] {dag.py:2280} INFO - Setting next_dagrun for ETL-ANP to 2021-11-18 23:29:22.276891+00:00
[2021-11-19 13:40:06,846] {scheduler_job.py:190} INFO - Processing /opt/airflow/dags/etl-raizen.py took 0.590 seconds
[2021-11-19 13:40:42,387] {scheduler_job.py:182} INFO - Started process (PID=126) to work on /opt/airflow/dags/etl-raizen.py
[2021-11-19 13:40:42,388] {scheduler_job.py:629} INFO - Processing file /opt/airflow/dags/etl-raizen.py for tasks to queue
[2021-11-19 13:40:42,388] {logging_mixin.py:104} INFO - [2021-11-19 13:40:42,388] {dagbag.py:451} INFO - Filling up the DagBag from /opt/airflow/dags/etl-raizen.py
[2021-11-19 13:40:42,909] {scheduler_job.py:639} INFO - DAG(s) dict_keys(['ETL-ANP']) retrieved from /opt/airflow/dags/etl-raizen.py
[2021-11-19 13:40:42,926] {logging_mixin.py:104} INFO - [2021-11-19 13:40:42,926] {dag.py:1824} INFO - Sync 1 DAGs
[2021-11-19 13:40:42,936] {logging_mixin.py:104} INFO - [2021-11-19 13:40:42,936] {dag.py:2280} INFO - Setting next_dagrun for ETL-ANP to 2021-11-18 23:29:22.276891+00:00
[2021-11-19 13:40:42,961] {scheduler_job.py:190} INFO - Processing /opt/airflow/dags/etl-raizen.py took 0.577 seconds
[2021-11-19 13:41:13,790] {scheduler_job.py:182} INFO - Started process (PID=153) to work on /opt/airflow/dags/etl-raizen.py
[2021-11-19 13:41:13,790] {scheduler_job.py:629} INFO - Processing file /opt/airflow/dags/etl-raizen.py for tasks to queue
[2021-11-19 13:41:13,791] {logging_mixin.py:104} INFO - [2021-11-19 13:41:13,791] {dagbag.py:451} INFO - Filling up the DagBag from /opt/airflow/dags/etl-raizen.py
[2021-11-19 13:41:14,255] {scheduler_job.py:639} INFO - DAG(s) dict_keys(['ETL-ANP']) retrieved from /opt/airflow/dags/etl-raizen.py
[2021-11-19 13:41:14,278] {logging_mixin.py:104} INFO - [2021-11-19 13:41:14,278] {dag.py:1824} INFO - Sync 1 DAGs
[2021-11-19 13:41:14,296] {logging_mixin.py:104} INFO - [2021-11-19 13:41:14,296] {dag.py:2280} INFO - Setting next_dagrun for ETL-ANP to 2021-11-18 23:29:22.276891+00:00
[2021-11-19 13:41:14,314] {scheduler_job.py:190} INFO - Processing /opt/airflow/dags/etl-raizen.py took 0.527 seconds
