[2021-11-18 23:53:41,784] {taskinstance.py:877} INFO - Dependencies all met for <TaskInstance: ETL-ANP.converter_xls 2021-11-18T23:53:34.527344+00:00 [queued]>
[2021-11-18 23:53:41,792] {taskinstance.py:877} INFO - Dependencies all met for <TaskInstance: ETL-ANP.converter_xls 2021-11-18T23:53:34.527344+00:00 [queued]>
[2021-11-18 23:53:41,792] {taskinstance.py:1068} INFO - 
--------------------------------------------------------------------------------
[2021-11-18 23:53:41,792] {taskinstance.py:1069} INFO - Starting attempt 1 of 1
[2021-11-18 23:53:41,792] {taskinstance.py:1070} INFO - 
--------------------------------------------------------------------------------
[2021-11-18 23:53:41,826] {taskinstance.py:1089} INFO - Executing <Task(PythonOperator): converter_xls> on 2021-11-18T23:53:34.527344+00:00
[2021-11-18 23:53:41,829] {standard_task_runner.py:52} INFO - Started process 97 to run task
[2021-11-18 23:53:41,835] {standard_task_runner.py:76} INFO - Running: ['airflow', 'tasks', 'run', 'ETL-ANP', 'converter_xls', '2021-11-18T23:53:34.527344+00:00', '--job-id', '27', '--pool', 'default_pool', '--raw', '--subdir', 'DAGS_FOLDER/etl-raizen.py', '--cfg-path', '/tmp/tmpqry1cnt9', '--error-file', '/tmp/tmpiu10rax9']
[2021-11-18 23:53:41,836] {standard_task_runner.py:77} INFO - Job 27: Subtask converter_xls
[2021-11-18 23:53:41,913] {logging_mixin.py:104} INFO - Running <TaskInstance: ETL-ANP.converter_xls 2021-11-18T23:53:34.527344+00:00 [running]> on host bd289edd73de
[2021-11-18 23:53:41,980] {taskinstance.py:1281} INFO - Exporting the following env vars:
AIRFLOW_CTX_DAG_OWNER=airflow
AIRFLOW_CTX_DAG_ID=ETL-ANP
AIRFLOW_CTX_TASK_ID=converter_xls
AIRFLOW_CTX_EXECUTION_DATE=2021-11-18T23:53:34.527344+00:00
AIRFLOW_CTX_DAG_RUN_ID=manual__2021-11-18T23:53:34.527344+00:00
[2021-11-18 23:53:41,986] {logging_mixin.py:104} INFO - ['libreoffice', '--convert-to', 'ods', './raw_data/vendas-combustiveis-m3.xls']
[2021-11-18 23:53:45,736] {python.py:118} INFO - Done. Returned value was: None
[2021-11-18 23:53:45,741] {taskinstance.py:1185} INFO - Marking task as SUCCESS. dag_id=ETL-ANP, task_id=converter_xls, execution_date=20211118T235334, start_date=20211118T235341, end_date=20211118T235345
[2021-11-18 23:53:45,785] {taskinstance.py:1246} INFO - 2 downstream tasks scheduled from follow-on schedule check
[2021-11-18 23:53:45,791] {local_task_job.py:146} INFO - Task exited with return code 0
