[2021-11-19 13:37:41,930] {taskinstance.py:877} INFO - Dependencies all met for <TaskInstance: ETL-ANP.converter_xls 2021-11-19T13:37:34.347206+00:00 [queued]>
[2021-11-19 13:37:41,936] {taskinstance.py:877} INFO - Dependencies all met for <TaskInstance: ETL-ANP.converter_xls 2021-11-19T13:37:34.347206+00:00 [queued]>
[2021-11-19 13:37:41,936] {taskinstance.py:1068} INFO - 
--------------------------------------------------------------------------------
[2021-11-19 13:37:41,936] {taskinstance.py:1069} INFO - Starting attempt 1 of 1
[2021-11-19 13:37:41,937] {taskinstance.py:1070} INFO - 
--------------------------------------------------------------------------------
[2021-11-19 13:37:41,954] {taskinstance.py:1089} INFO - Executing <Task(PythonOperator): converter_xls> on 2021-11-19T13:37:34.347206+00:00
[2021-11-19 13:37:41,961] {standard_task_runner.py:52} INFO - Started process 88 to run task
[2021-11-19 13:37:41,974] {standard_task_runner.py:76} INFO - Running: ['airflow', 'tasks', 'run', 'ETL-ANP', 'converter_xls', '2021-11-19T13:37:34.347206+00:00', '--job-id', '54', '--pool', 'default_pool', '--raw', '--subdir', 'DAGS_FOLDER/etl-raizen.py', '--cfg-path', '/tmp/tmpu8ef56co', '--error-file', '/tmp/tmpr9mhyiuy']
[2021-11-19 13:37:41,975] {standard_task_runner.py:77} INFO - Job 54: Subtask converter_xls
[2021-11-19 13:37:42,060] {logging_mixin.py:104} INFO - Running <TaskInstance: ETL-ANP.converter_xls 2021-11-19T13:37:34.347206+00:00 [running]> on host b7092867dc44
[2021-11-19 13:37:42,098] {taskinstance.py:1281} INFO - Exporting the following env vars:
AIRFLOW_CTX_DAG_OWNER=airflow
AIRFLOW_CTX_DAG_ID=ETL-ANP
AIRFLOW_CTX_TASK_ID=converter_xls
AIRFLOW_CTX_EXECUTION_DATE=2021-11-19T13:37:34.347206+00:00
AIRFLOW_CTX_DAG_RUN_ID=manual__2021-11-19T13:37:34.347206+00:00
[2021-11-19 13:37:42,104] {logging_mixin.py:104} INFO - ['libreoffice', '--convert-to', 'ods', './raw_data/vendas-combustiveis-m3.xls']
[2021-11-19 13:37:46,150] {python.py:118} INFO - Done. Returned value was: None
[2021-11-19 13:37:46,157] {taskinstance.py:1185} INFO - Marking task as SUCCESS. dag_id=ETL-ANP, task_id=converter_xls, execution_date=20211119T133734, start_date=20211119T133741, end_date=20211119T133746
[2021-11-19 13:37:46,262] {taskinstance.py:1246} INFO - 2 downstream tasks scheduled from follow-on schedule check
[2021-11-19 13:37:46,307] {local_task_job.py:146} INFO - Task exited with return code 0
