[2021-11-19 13:40:48,920] {taskinstance.py:877} INFO - Dependencies all met for <TaskInstance: ETL-ANP.extract_diesel 2021-11-19T13:40:30.152597+00:00 [queued]>
[2021-11-19 13:40:48,926] {taskinstance.py:877} INFO - Dependencies all met for <TaskInstance: ETL-ANP.extract_diesel 2021-11-19T13:40:30.152597+00:00 [queued]>
[2021-11-19 13:40:48,926] {taskinstance.py:1068} INFO - 
--------------------------------------------------------------------------------
[2021-11-19 13:40:48,926] {taskinstance.py:1069} INFO - Starting attempt 1 of 1
[2021-11-19 13:40:48,926] {taskinstance.py:1070} INFO - 
--------------------------------------------------------------------------------
[2021-11-19 13:40:48,958] {taskinstance.py:1089} INFO - Executing <Task(PythonOperator): extract_diesel> on 2021-11-19T13:40:30.152597+00:00
[2021-11-19 13:40:48,971] {standard_task_runner.py:52} INFO - Started process 143 to run task
[2021-11-19 13:40:48,981] {standard_task_runner.py:76} INFO - Running: ['airflow', 'tasks', 'run', 'ETL-ANP', 'extract_diesel', '2021-11-19T13:40:30.152597+00:00', '--job-id', '61', '--pool', 'default_pool', '--raw', '--subdir', 'DAGS_FOLDER/etl-raizen.py', '--cfg-path', '/tmp/tmpn8xrvp57', '--error-file', '/tmp/tmpw7zdgbcw']
[2021-11-19 13:40:48,982] {standard_task_runner.py:77} INFO - Job 61: Subtask extract_diesel
[2021-11-19 13:40:49,026] {logging_mixin.py:104} INFO - Running <TaskInstance: ETL-ANP.extract_diesel 2021-11-19T13:40:30.152597+00:00 [running]> on host b7092867dc44
[2021-11-19 13:40:49,056] {taskinstance.py:1281} INFO - Exporting the following env vars:
AIRFLOW_CTX_DAG_OWNER=airflow
AIRFLOW_CTX_DAG_ID=ETL-ANP
AIRFLOW_CTX_TASK_ID=extract_diesel
AIRFLOW_CTX_EXECUTION_DATE=2021-11-19T13:40:30.152597+00:00
AIRFLOW_CTX_DAG_RUN_ID=manual__2021-11-19T13:40:30.152597+00:00
[2021-11-19 13:40:50,085] {python.py:118} INFO - Done. Returned value was: None
[2021-11-19 13:40:50,091] {taskinstance.py:1185} INFO - Marking task as SUCCESS. dag_id=ETL-ANP, task_id=extract_diesel, execution_date=20211119T134030, start_date=20211119T134048, end_date=20211119T134050
[2021-11-19 13:40:50,119] {taskinstance.py:1246} INFO - 0 downstream tasks scheduled from follow-on schedule check
[2021-11-19 13:40:50,142] {local_task_job.py:146} INFO - Task exited with return code 0
