[2021-11-19 13:37:37,501] {taskinstance.py:877} INFO - Dependencies all met for <TaskInstance: ETL-ANP.download_anp 2021-11-19T13:37:34.347206+00:00 [queued]>
[2021-11-19 13:37:37,507] {taskinstance.py:877} INFO - Dependencies all met for <TaskInstance: ETL-ANP.download_anp 2021-11-19T13:37:34.347206+00:00 [queued]>
[2021-11-19 13:37:37,507] {taskinstance.py:1068} INFO - 
--------------------------------------------------------------------------------
[2021-11-19 13:37:37,507] {taskinstance.py:1069} INFO - Starting attempt 1 of 1
[2021-11-19 13:37:37,508] {taskinstance.py:1070} INFO - 
--------------------------------------------------------------------------------
[2021-11-19 13:37:37,525] {taskinstance.py:1089} INFO - Executing <Task(PythonOperator): download_anp> on 2021-11-19T13:37:34.347206+00:00
[2021-11-19 13:37:37,531] {standard_task_runner.py:52} INFO - Started process 82 to run task
[2021-11-19 13:37:37,536] {standard_task_runner.py:76} INFO - Running: ['airflow', 'tasks', 'run', 'ETL-ANP', 'download_anp', '2021-11-19T13:37:34.347206+00:00', '--job-id', '53', '--pool', 'default_pool', '--raw', '--subdir', 'DAGS_FOLDER/etl-raizen.py', '--cfg-path', '/tmp/tmpbx7rogn9', '--error-file', '/tmp/tmpb8qxr93r']
[2021-11-19 13:37:37,537] {standard_task_runner.py:77} INFO - Job 53: Subtask download_anp
[2021-11-19 13:37:37,574] {logging_mixin.py:104} INFO - Running <TaskInstance: ETL-ANP.download_anp 2021-11-19T13:37:34.347206+00:00 [running]> on host b7092867dc44
[2021-11-19 13:37:37,608] {taskinstance.py:1281} INFO - Exporting the following env vars:
AIRFLOW_CTX_DAG_OWNER=airflow
AIRFLOW_CTX_DAG_ID=ETL-ANP
AIRFLOW_CTX_TASK_ID=download_anp
AIRFLOW_CTX_EXECUTION_DATE=2021-11-19T13:37:34.347206+00:00
AIRFLOW_CTX_DAG_RUN_ID=manual__2021-11-19T13:37:34.347206+00:00
[2021-11-19 13:37:37,609] {etl-raizen.py:19} INFO - Starting XLS download from ANP ... 
[2021-11-19 13:37:39,465] {python.py:118} INFO - Done. Returned value was: None
[2021-11-19 13:37:39,487] {taskinstance.py:1185} INFO - Marking task as SUCCESS. dag_id=ETL-ANP, task_id=download_anp, execution_date=20211119T133734, start_date=20211119T133737, end_date=20211119T133739
[2021-11-19 13:37:39,532] {taskinstance.py:1246} INFO - 1 downstream tasks scheduled from follow-on schedule check
[2021-11-19 13:37:39,548] {local_task_job.py:146} INFO - Task exited with return code 0
