[2021-11-19 12:44:07,293] {taskinstance.py:877} INFO - Dependencies all met for <TaskInstance: ETL-ANP.download_anp 2021-11-19T12:44:04.260975+00:00 [queued]>
[2021-11-19 12:44:07,299] {taskinstance.py:877} INFO - Dependencies all met for <TaskInstance: ETL-ANP.download_anp 2021-11-19T12:44:04.260975+00:00 [queued]>
[2021-11-19 12:44:07,300] {taskinstance.py:1068} INFO - 
--------------------------------------------------------------------------------
[2021-11-19 12:44:07,300] {taskinstance.py:1069} INFO - Starting attempt 1 of 1
[2021-11-19 12:44:07,300] {taskinstance.py:1070} INFO - 
--------------------------------------------------------------------------------
[2021-11-19 12:44:07,317] {taskinstance.py:1089} INFO - Executing <Task(PythonOperator): download_anp> on 2021-11-19T12:44:04.260975+00:00
[2021-11-19 12:44:07,321] {standard_task_runner.py:52} INFO - Started process 445 to run task
[2021-11-19 12:44:07,326] {standard_task_runner.py:76} INFO - Running: ['airflow', 'tasks', 'run', 'ETL-ANP', 'download_anp', '2021-11-19T12:44:04.260975+00:00', '--job-id', '33', '--pool', 'default_pool', '--raw', '--subdir', 'DAGS_FOLDER/etl-raizen.py', '--cfg-path', '/tmp/tmppy6j6a6o', '--error-file', '/tmp/tmpttp5wd7u']
[2021-11-19 12:44:07,327] {standard_task_runner.py:77} INFO - Job 33: Subtask download_anp
[2021-11-19 12:44:07,367] {logging_mixin.py:104} INFO - Running <TaskInstance: ETL-ANP.download_anp 2021-11-19T12:44:04.260975+00:00 [running]> on host bd289edd73de
[2021-11-19 12:44:07,393] {taskinstance.py:1281} INFO - Exporting the following env vars:
AIRFLOW_CTX_DAG_OWNER=airflow
AIRFLOW_CTX_DAG_ID=ETL-ANP
AIRFLOW_CTX_TASK_ID=download_anp
AIRFLOW_CTX_EXECUTION_DATE=2021-11-19T12:44:04.260975+00:00
AIRFLOW_CTX_DAG_RUN_ID=manual__2021-11-19T12:44:04.260975+00:00
[2021-11-19 12:44:07,394] {etl-raizen.py:17} INFO - Starting XLS download from ANP ... 
[2021-11-19 12:44:10,034] {python.py:118} INFO - Done. Returned value was: None
[2021-11-19 12:44:10,041] {taskinstance.py:1185} INFO - Marking task as SUCCESS. dag_id=ETL-ANP, task_id=download_anp, execution_date=20211119T124404, start_date=20211119T124407, end_date=20211119T124410
[2021-11-19 12:44:10,076] {taskinstance.py:1246} INFO - 1 downstream tasks scheduled from follow-on schedule check
[2021-11-19 12:44:10,086] {local_task_job.py:146} INFO - Task exited with return code 0
