[2021-11-18 23:53:51,748] {taskinstance.py:877} INFO - Dependencies all met for <TaskInstance: ETL-ANP.extract_diesel 2021-11-18T23:53:34.527344+00:00 [queued]>
[2021-11-18 23:53:51,756] {taskinstance.py:877} INFO - Dependencies all met for <TaskInstance: ETL-ANP.extract_diesel 2021-11-18T23:53:34.527344+00:00 [queued]>
[2021-11-18 23:53:51,759] {taskinstance.py:1068} INFO - 
--------------------------------------------------------------------------------
[2021-11-18 23:53:51,759] {taskinstance.py:1069} INFO - Starting attempt 1 of 1
[2021-11-18 23:53:51,759] {taskinstance.py:1070} INFO - 
--------------------------------------------------------------------------------
[2021-11-18 23:53:51,791] {taskinstance.py:1089} INFO - Executing <Task(PythonOperator): extract_diesel> on 2021-11-18T23:53:34.527344+00:00
[2021-11-18 23:53:51,796] {standard_task_runner.py:52} INFO - Started process 162 to run task
[2021-11-18 23:53:51,804] {standard_task_runner.py:76} INFO - Running: ['airflow', 'tasks', 'run', 'ETL-ANP', 'extract_diesel', '2021-11-18T23:53:34.527344+00:00', '--job-id', '29', '--pool', 'default_pool', '--raw', '--subdir', 'DAGS_FOLDER/etl-raizen.py', '--cfg-path', '/tmp/tmpng42qnr7', '--error-file', '/tmp/tmpaifvdx71']
[2021-11-18 23:53:51,805] {standard_task_runner.py:77} INFO - Job 29: Subtask extract_diesel
[2021-11-18 23:53:51,845] {logging_mixin.py:104} INFO - Running <TaskInstance: ETL-ANP.extract_diesel 2021-11-18T23:53:34.527344+00:00 [running]> on host bd289edd73de
[2021-11-18 23:53:51,895] {taskinstance.py:1281} INFO - Exporting the following env vars:
AIRFLOW_CTX_DAG_OWNER=airflow
AIRFLOW_CTX_DAG_ID=ETL-ANP
AIRFLOW_CTX_TASK_ID=extract_diesel
AIRFLOW_CTX_EXECUTION_DATE=2021-11-18T23:53:34.527344+00:00
AIRFLOW_CTX_DAG_RUN_ID=manual__2021-11-18T23:53:34.527344+00:00
[2021-11-18 23:53:52,817] {python.py:118} INFO - Done. Returned value was: None
[2021-11-18 23:53:52,824] {taskinstance.py:1185} INFO - Marking task as SUCCESS. dag_id=ETL-ANP, task_id=extract_diesel, execution_date=20211118T235334, start_date=20211118T235351, end_date=20211118T235352
[2021-11-18 23:53:52,906] {taskinstance.py:1246} INFO - 1 downstream tasks scheduled from follow-on schedule check
[2021-11-18 23:53:52,923] {local_task_job.py:146} INFO - Task exited with return code 0
