[2021-11-19 13:33:37,095] {taskinstance.py:877} INFO - Dependencies all met for <TaskInstance: ETL-ANP.converter_xls 2021-11-19T13:33:29.788322+00:00 [queued]>
[2021-11-19 13:33:37,100] {taskinstance.py:877} INFO - Dependencies all met for <TaskInstance: ETL-ANP.converter_xls 2021-11-19T13:33:29.788322+00:00 [queued]>
[2021-11-19 13:33:37,100] {taskinstance.py:1068} INFO - 
--------------------------------------------------------------------------------
[2021-11-19 13:33:37,100] {taskinstance.py:1069} INFO - Starting attempt 1 of 1
[2021-11-19 13:33:37,100] {taskinstance.py:1070} INFO - 
--------------------------------------------------------------------------------
[2021-11-19 13:33:37,120] {taskinstance.py:1089} INFO - Executing <Task(PythonOperator): converter_xls> on 2021-11-19T13:33:29.788322+00:00
[2021-11-19 13:33:37,126] {standard_task_runner.py:52} INFO - Started process 81 to run task
[2021-11-19 13:33:37,132] {standard_task_runner.py:76} INFO - Running: ['airflow', 'tasks', 'run', 'ETL-ANP', 'converter_xls', '2021-11-19T13:33:29.788322+00:00', '--job-id', '49', '--pool', 'default_pool', '--raw', '--subdir', 'DAGS_FOLDER/etl-raizen.py', '--cfg-path', '/tmp/tmpx02etr8y', '--error-file', '/tmp/tmpkos4q88s']
[2021-11-19 13:33:37,132] {standard_task_runner.py:77} INFO - Job 49: Subtask converter_xls
[2021-11-19 13:33:37,167] {logging_mixin.py:104} INFO - Running <TaskInstance: ETL-ANP.converter_xls 2021-11-19T13:33:29.788322+00:00 [running]> on host b7092867dc44
[2021-11-19 13:33:37,195] {taskinstance.py:1281} INFO - Exporting the following env vars:
AIRFLOW_CTX_DAG_OWNER=airflow
AIRFLOW_CTX_DAG_ID=ETL-ANP
AIRFLOW_CTX_TASK_ID=converter_xls
AIRFLOW_CTX_EXECUTION_DATE=2021-11-19T13:33:29.788322+00:00
AIRFLOW_CTX_DAG_RUN_ID=manual__2021-11-19T13:33:29.788322+00:00
[2021-11-19 13:33:37,201] {logging_mixin.py:104} INFO - ['libreoffice', '--convert-to', 'ods', './raw_data/vendas-combustiveis-m3.xls']
[2021-11-19 13:33:40,991] {python.py:118} INFO - Done. Returned value was: None
[2021-11-19 13:33:41,013] {taskinstance.py:1185} INFO - Marking task as SUCCESS. dag_id=ETL-ANP, task_id=converter_xls, execution_date=20211119T133329, start_date=20211119T133337, end_date=20211119T133341
[2021-11-19 13:33:41,097] {taskinstance.py:1246} INFO - 2 downstream tasks scheduled from follow-on schedule check
[2021-11-19 13:33:41,125] {local_task_job.py:146} INFO - Task exited with return code 0
