[2021-11-18 23:29:42,103] {taskinstance.py:877} INFO - Dependencies all met for <TaskInstance: ETL-ANP.loadDieselToSql 2021-11-17T23:29:22.276891+00:00 [queued]>
[2021-11-18 23:29:42,111] {taskinstance.py:877} INFO - Dependencies all met for <TaskInstance: ETL-ANP.loadDieselToSql 2021-11-17T23:29:22.276891+00:00 [queued]>
[2021-11-18 23:29:42,111] {taskinstance.py:1068} INFO - 
--------------------------------------------------------------------------------
[2021-11-18 23:29:42,111] {taskinstance.py:1069} INFO - Starting attempt 1 of 1
[2021-11-18 23:29:42,111] {taskinstance.py:1070} INFO - 
--------------------------------------------------------------------------------
[2021-11-18 23:29:42,130] {taskinstance.py:1089} INFO - Executing <Task(PythonOperator): loadDieselToSql> on 2021-11-17T23:29:22.276891+00:00
[2021-11-18 23:29:42,136] {standard_task_runner.py:52} INFO - Started process 149 to run task
[2021-11-18 23:29:42,146] {standard_task_runner.py:76} INFO - Running: ['airflow', 'tasks', 'run', 'ETL-ANP', 'loadDieselToSql', '2021-11-17T23:29:22.276891+00:00', '--job-id', '23', '--pool', 'default_pool', '--raw', '--subdir', 'DAGS_FOLDER/etl-raizen.py', '--cfg-path', '/tmp/tmpah53_64c', '--error-file', '/tmp/tmpm31zenlg']
[2021-11-18 23:29:42,147] {standard_task_runner.py:77} INFO - Job 23: Subtask loadDieselToSql
[2021-11-18 23:29:42,216] {logging_mixin.py:104} INFO - Running <TaskInstance: ETL-ANP.loadDieselToSql 2021-11-17T23:29:22.276891+00:00 [running]> on host bd289edd73de
[2021-11-18 23:29:42,278] {taskinstance.py:1281} INFO - Exporting the following env vars:
AIRFLOW_CTX_DAG_OWNER=airflow
AIRFLOW_CTX_DAG_ID=ETL-ANP
AIRFLOW_CTX_TASK_ID=loadDieselToSql
AIRFLOW_CTX_EXECUTION_DATE=2021-11-17T23:29:22.276891+00:00
AIRFLOW_CTX_DAG_RUN_ID=scheduled__2021-11-17T23:29:22.276891+00:00
[2021-11-18 23:29:45,279] {python.py:118} INFO - Done. Returned value was: None
[2021-11-18 23:29:45,282] {taskinstance.py:1185} INFO - Marking task as SUCCESS. dag_id=ETL-ANP, task_id=loadDieselToSql, execution_date=20211117T232922, start_date=20211118T232942, end_date=20211118T232945
[2021-11-18 23:29:45,327] {taskinstance.py:1246} INFO - 0 downstream tasks scheduled from follow-on schedule check
[2021-11-18 23:29:45,347] {local_task_job.py:146} INFO - Task exited with return code 0
