[2021-11-18 23:54:00,875] {taskinstance.py:877} INFO - Dependencies all met for <TaskInstance: ETL-ANP.loadDerivatedFuelToSql 2021-11-18T23:53:34.527344+00:00 [queued]>
[2021-11-18 23:54:00,881] {taskinstance.py:877} INFO - Dependencies all met for <TaskInstance: ETL-ANP.loadDerivatedFuelToSql 2021-11-18T23:53:34.527344+00:00 [queued]>
[2021-11-18 23:54:00,881] {taskinstance.py:1068} INFO - 
--------------------------------------------------------------------------------
[2021-11-18 23:54:00,881] {taskinstance.py:1069} INFO - Starting attempt 1 of 1
[2021-11-18 23:54:00,881] {taskinstance.py:1070} INFO - 
--------------------------------------------------------------------------------
[2021-11-18 23:54:00,905] {taskinstance.py:1089} INFO - Executing <Task(PythonOperator): loadDerivatedFuelToSql> on 2021-11-18T23:53:34.527344+00:00
[2021-11-18 23:54:00,909] {standard_task_runner.py:52} INFO - Started process 180 to run task
[2021-11-18 23:54:00,916] {standard_task_runner.py:76} INFO - Running: ['airflow', 'tasks', 'run', 'ETL-ANP', 'loadDerivatedFuelToSql', '2021-11-18T23:53:34.527344+00:00', '--job-id', '31', '--pool', 'default_pool', '--raw', '--subdir', 'DAGS_FOLDER/etl-raizen.py', '--cfg-path', '/tmp/tmpa84ttzni', '--error-file', '/tmp/tmpkhaksd5o']
[2021-11-18 23:54:00,917] {standard_task_runner.py:77} INFO - Job 31: Subtask loadDerivatedFuelToSql
[2021-11-18 23:54:00,958] {logging_mixin.py:104} INFO - Running <TaskInstance: ETL-ANP.loadDerivatedFuelToSql 2021-11-18T23:53:34.527344+00:00 [running]> on host bd289edd73de
[2021-11-18 23:54:00,993] {taskinstance.py:1281} INFO - Exporting the following env vars:
AIRFLOW_CTX_DAG_OWNER=airflow
AIRFLOW_CTX_DAG_ID=ETL-ANP
AIRFLOW_CTX_TASK_ID=loadDerivatedFuelToSql
AIRFLOW_CTX_EXECUTION_DATE=2021-11-18T23:53:34.527344+00:00
AIRFLOW_CTX_DAG_RUN_ID=manual__2021-11-18T23:53:34.527344+00:00
[2021-11-18 23:54:12,938] {python.py:118} INFO - Done. Returned value was: None
[2021-11-18 23:54:12,943] {taskinstance.py:1185} INFO - Marking task as SUCCESS. dag_id=ETL-ANP, task_id=loadDerivatedFuelToSql, execution_date=20211118T235334, start_date=20211118T235400, end_date=20211118T235412
[2021-11-18 23:54:12,974] {taskinstance.py:1246} INFO - 0 downstream tasks scheduled from follow-on schedule check
[2021-11-18 23:54:12,997] {local_task_job.py:146} INFO - Task exited with return code 0
