[2021-11-18 23:29:35,255] {taskinstance.py:877} INFO - Dependencies all met for <TaskInstance: ETL-ANP.extract_derivated_fuels 2021-11-17T23:29:22.276891+00:00 [queued]>
[2021-11-18 23:29:35,262] {taskinstance.py:877} INFO - Dependencies all met for <TaskInstance: ETL-ANP.extract_derivated_fuels 2021-11-17T23:29:22.276891+00:00 [queued]>
[2021-11-18 23:29:35,263] {taskinstance.py:1068} INFO - 
--------------------------------------------------------------------------------
[2021-11-18 23:29:35,263] {taskinstance.py:1069} INFO - Starting attempt 1 of 1
[2021-11-18 23:29:35,263] {taskinstance.py:1070} INFO - 
--------------------------------------------------------------------------------
[2021-11-18 23:29:35,279] {taskinstance.py:1089} INFO - Executing <Task(PythonOperator): extract_derivated_fuels> on 2021-11-17T23:29:22.276891+00:00
[2021-11-18 23:29:35,284] {standard_task_runner.py:52} INFO - Started process 133 to run task
[2021-11-18 23:29:35,288] {standard_task_runner.py:76} INFO - Running: ['airflow', 'tasks', 'run', 'ETL-ANP', 'extract_derivated_fuels', '2021-11-17T23:29:22.276891+00:00', '--job-id', '21', '--pool', 'default_pool', '--raw', '--subdir', 'DAGS_FOLDER/etl-raizen.py', '--cfg-path', '/tmp/tmpup3f1ud_', '--error-file', '/tmp/tmp0ervok5f']
[2021-11-18 23:29:35,289] {standard_task_runner.py:77} INFO - Job 21: Subtask extract_derivated_fuels
[2021-11-18 23:29:35,332] {logging_mixin.py:104} INFO - Running <TaskInstance: ETL-ANP.extract_derivated_fuels 2021-11-17T23:29:22.276891+00:00 [running]> on host bd289edd73de
[2021-11-18 23:29:35,369] {taskinstance.py:1281} INFO - Exporting the following env vars:
AIRFLOW_CTX_DAG_OWNER=airflow
AIRFLOW_CTX_DAG_ID=ETL-ANP
AIRFLOW_CTX_TASK_ID=extract_derivated_fuels
AIRFLOW_CTX_EXECUTION_DATE=2021-11-17T23:29:22.276891+00:00
AIRFLOW_CTX_DAG_RUN_ID=scheduled__2021-11-17T23:29:22.276891+00:00
[2021-11-18 23:29:36,726] {python.py:118} INFO - Done. Returned value was: None
[2021-11-18 23:29:36,730] {taskinstance.py:1185} INFO - Marking task as SUCCESS. dag_id=ETL-ANP, task_id=extract_derivated_fuels, execution_date=20211117T232922, start_date=20211118T232935, end_date=20211118T232936
[2021-11-18 23:29:36,772] {taskinstance.py:1246} INFO - 1 downstream tasks scheduled from follow-on schedule check
[2021-11-18 23:29:36,793] {local_task_job.py:146} INFO - Task exited with return code 0
