[2021-11-19 13:23:25,804] {taskinstance.py:877} INFO - Dependencies all met for <TaskInstance: ETL-ANP.download_anp 2021-11-19T13:23:22.948123+00:00 [queued]>
[2021-11-19 13:23:25,810] {taskinstance.py:877} INFO - Dependencies all met for <TaskInstance: ETL-ANP.download_anp 2021-11-19T13:23:22.948123+00:00 [queued]>
[2021-11-19 13:23:25,810] {taskinstance.py:1068} INFO - 
--------------------------------------------------------------------------------
[2021-11-19 13:23:25,810] {taskinstance.py:1069} INFO - Starting attempt 1 of 1
[2021-11-19 13:23:25,810] {taskinstance.py:1070} INFO - 
--------------------------------------------------------------------------------
[2021-11-19 13:23:25,825] {taskinstance.py:1089} INFO - Executing <Task(PythonOperator): download_anp> on 2021-11-19T13:23:22.948123+00:00
[2021-11-19 13:23:25,836] {standard_task_runner.py:52} INFO - Started process 78 to run task
[2021-11-19 13:23:25,872] {standard_task_runner.py:76} INFO - Running: ['airflow', 'tasks', 'run', 'ETL-ANP', 'download_anp', '2021-11-19T13:23:22.948123+00:00', '--job-id', '43', '--pool', 'default_pool', '--raw', '--subdir', 'DAGS_FOLDER/etl-raizen.py', '--cfg-path', '/tmp/tmpyrhuu23m', '--error-file', '/tmp/tmp5vchhlhv']
[2021-11-19 13:23:25,872] {standard_task_runner.py:77} INFO - Job 43: Subtask download_anp
[2021-11-19 13:23:26,012] {logging_mixin.py:104} INFO - Running <TaskInstance: ETL-ANP.download_anp 2021-11-19T13:23:22.948123+00:00 [running]> on host b7092867dc44
[2021-11-19 13:23:26,085] {taskinstance.py:1281} INFO - Exporting the following env vars:
AIRFLOW_CTX_DAG_OWNER=airflow
AIRFLOW_CTX_DAG_ID=ETL-ANP
AIRFLOW_CTX_TASK_ID=download_anp
AIRFLOW_CTX_EXECUTION_DATE=2021-11-19T13:23:22.948123+00:00
AIRFLOW_CTX_DAG_RUN_ID=manual__2021-11-19T13:23:22.948123+00:00
[2021-11-19 13:23:26,087] {etl-raizen.py:19} INFO - Starting XLS download from ANP ... 
[2021-11-19 13:23:28,188] {python.py:118} INFO - Done. Returned value was: None
[2021-11-19 13:23:28,209] {taskinstance.py:1185} INFO - Marking task as SUCCESS. dag_id=ETL-ANP, task_id=download_anp, execution_date=20211119T132322, start_date=20211119T132325, end_date=20211119T132328
[2021-11-19 13:23:28,331] {taskinstance.py:1246} INFO - 1 downstream tasks scheduled from follow-on schedule check
[2021-11-19 13:23:28,369] {local_task_job.py:146} INFO - Task exited with return code 0
