[2021-11-19 13:23:42,334] {taskinstance.py:877} INFO - Dependencies all met for <TaskInstance: ETL-ANP.extract_diesel 2021-11-19T13:23:22.948123+00:00 [queued]>
[2021-11-19 13:23:42,341] {taskinstance.py:877} INFO - Dependencies all met for <TaskInstance: ETL-ANP.extract_diesel 2021-11-19T13:23:22.948123+00:00 [queued]>
[2021-11-19 13:23:42,341] {taskinstance.py:1068} INFO - 
--------------------------------------------------------------------------------
[2021-11-19 13:23:42,341] {taskinstance.py:1069} INFO - Starting attempt 1 of 1
[2021-11-19 13:23:42,341] {taskinstance.py:1070} INFO - 
--------------------------------------------------------------------------------
[2021-11-19 13:23:42,357] {taskinstance.py:1089} INFO - Executing <Task(PythonOperator): extract_diesel> on 2021-11-19T13:23:22.948123+00:00
[2021-11-19 13:23:42,360] {standard_task_runner.py:52} INFO - Started process 146 to run task
[2021-11-19 13:23:42,365] {standard_task_runner.py:76} INFO - Running: ['airflow', 'tasks', 'run', 'ETL-ANP', 'extract_diesel', '2021-11-19T13:23:22.948123+00:00', '--job-id', '46', '--pool', 'default_pool', '--raw', '--subdir', 'DAGS_FOLDER/etl-raizen.py', '--cfg-path', '/tmp/tmp8gupesfd', '--error-file', '/tmp/tmpm_thvqi1']
[2021-11-19 13:23:42,366] {standard_task_runner.py:77} INFO - Job 46: Subtask extract_diesel
[2021-11-19 13:23:42,410] {logging_mixin.py:104} INFO - Running <TaskInstance: ETL-ANP.extract_diesel 2021-11-19T13:23:22.948123+00:00 [running]> on host b7092867dc44
[2021-11-19 13:23:42,446] {taskinstance.py:1281} INFO - Exporting the following env vars:
AIRFLOW_CTX_DAG_OWNER=airflow
AIRFLOW_CTX_DAG_ID=ETL-ANP
AIRFLOW_CTX_TASK_ID=extract_diesel
AIRFLOW_CTX_EXECUTION_DATE=2021-11-19T13:23:22.948123+00:00
AIRFLOW_CTX_DAG_RUN_ID=manual__2021-11-19T13:23:22.948123+00:00
[2021-11-19 13:23:43,312] {taskinstance.py:1482} ERROR - Task failed with exception
Traceback (most recent call last):
  File "/usr/local/lib/python3.8/site-packages/airflow/models/taskinstance.py", line 1138, in _run_raw_task
    self._prepare_and_execute_task_with_callbacks(context, task)
  File "/usr/local/lib/python3.8/site-packages/airflow/models/taskinstance.py", line 1311, in _prepare_and_execute_task_with_callbacks
    result = self._execute_task(context, task_copy)
  File "/usr/local/lib/python3.8/site-packages/airflow/models/taskinstance.py", line 1341, in _execute_task
    result = task_copy.execute(context=context)
  File "/usr/local/lib/python3.8/site-packages/airflow/operators/python.py", line 117, in execute
    return_value = self.execute_callable()
  File "/usr/local/lib/python3.8/site-packages/airflow/operators/python.py", line 128, in execute_callable
    return self.python_callable(*self.op_args, **self.op_kwargs)
  File "/opt/airflow/dags/etl-raizen.py", line 52, in transform
    df.to_parquet('./staging/' + tableName + '.parquet', engine='fastparquet')
  File "/usr/local/lib/python3.8/site-packages/pandas/util/_decorators.py", line 199, in wrapper
    return func(*args, **kwargs)
  File "/usr/local/lib/python3.8/site-packages/pandas/core/frame.py", line 2455, in to_parquet
    return to_parquet(
  File "/usr/local/lib/python3.8/site-packages/pandas/io/parquet.py", line 386, in to_parquet
    impl = get_engine(engine)
  File "/usr/local/lib/python3.8/site-packages/pandas/io/parquet.py", line 49, in get_engine
    return FastParquetImpl()
  File "/usr/local/lib/python3.8/site-packages/pandas/io/parquet.py", line 233, in __init__
    fastparquet = import_optional_dependency(
  File "/usr/local/lib/python3.8/site-packages/pandas/compat/_optional.py", line 109, in import_optional_dependency
    raise ImportError(msg) from None
ImportError: Missing optional dependency 'fastparquet'. fastparquet is required for parquet support. Use pip or conda to install fastparquet.
[2021-11-19 13:23:43,317] {taskinstance.py:1525} INFO - Marking task as FAILED. dag_id=ETL-ANP, task_id=extract_diesel, execution_date=20211119T132322, start_date=20211119T132342, end_date=20211119T132343
[2021-11-19 13:23:43,350] {local_task_job.py:146} INFO - Task exited with return code 1
