[2021-11-18 23:53:55,408] {taskinstance.py:877} INFO - Dependencies all met for <TaskInstance: ETL-ANP.loadDieselToSql 2021-11-18T23:53:34.527344+00:00 [queued]>
[2021-11-18 23:53:55,431] {taskinstance.py:877} INFO - Dependencies all met for <TaskInstance: ETL-ANP.loadDieselToSql 2021-11-18T23:53:34.527344+00:00 [queued]>
[2021-11-18 23:53:55,431] {taskinstance.py:1068} INFO - 
--------------------------------------------------------------------------------
[2021-11-18 23:53:55,431] {taskinstance.py:1069} INFO - Starting attempt 1 of 1
[2021-11-18 23:53:55,431] {taskinstance.py:1070} INFO - 
--------------------------------------------------------------------------------
[2021-11-18 23:53:55,475] {taskinstance.py:1089} INFO - Executing <Task(PythonOperator): loadDieselToSql> on 2021-11-18T23:53:34.527344+00:00
[2021-11-18 23:53:55,479] {standard_task_runner.py:52} INFO - Started process 174 to run task
[2021-11-18 23:53:55,500] {standard_task_runner.py:76} INFO - Running: ['airflow', 'tasks', 'run', 'ETL-ANP', 'loadDieselToSql', '2021-11-18T23:53:34.527344+00:00', '--job-id', '30', '--pool', 'default_pool', '--raw', '--subdir', 'DAGS_FOLDER/etl-raizen.py', '--cfg-path', '/tmp/tmp5jbc950v', '--error-file', '/tmp/tmppw_apc6m']
[2021-11-18 23:53:55,503] {standard_task_runner.py:77} INFO - Job 30: Subtask loadDieselToSql
[2021-11-18 23:53:55,588] {logging_mixin.py:104} INFO - Running <TaskInstance: ETL-ANP.loadDieselToSql 2021-11-18T23:53:34.527344+00:00 [running]> on host bd289edd73de
[2021-11-18 23:53:55,673] {taskinstance.py:1281} INFO - Exporting the following env vars:
AIRFLOW_CTX_DAG_OWNER=airflow
AIRFLOW_CTX_DAG_ID=ETL-ANP
AIRFLOW_CTX_TASK_ID=loadDieselToSql
AIRFLOW_CTX_EXECUTION_DATE=2021-11-18T23:53:34.527344+00:00
AIRFLOW_CTX_DAG_RUN_ID=manual__2021-11-18T23:53:34.527344+00:00
[2021-11-18 23:53:58,823] {python.py:118} INFO - Done. Returned value was: None
[2021-11-18 23:53:58,830] {taskinstance.py:1185} INFO - Marking task as SUCCESS. dag_id=ETL-ANP, task_id=loadDieselToSql, execution_date=20211118T235334, start_date=20211118T235355, end_date=20211118T235358
[2021-11-18 23:53:58,878] {taskinstance.py:1246} INFO - 0 downstream tasks scheduled from follow-on schedule check
[2021-11-18 23:53:58,926] {local_task_job.py:146} INFO - Task exited with return code 0
