[2021-11-19 13:33:31,913] {taskinstance.py:877} INFO - Dependencies all met for <TaskInstance: ETL-ANP.download_anp 2021-11-19T13:33:29.788322+00:00 [queued]>
[2021-11-19 13:33:31,918] {taskinstance.py:877} INFO - Dependencies all met for <TaskInstance: ETL-ANP.download_anp 2021-11-19T13:33:29.788322+00:00 [queued]>
[2021-11-19 13:33:31,918] {taskinstance.py:1068} INFO - 
--------------------------------------------------------------------------------
[2021-11-19 13:33:31,918] {taskinstance.py:1069} INFO - Starting attempt 1 of 1
[2021-11-19 13:33:31,918] {taskinstance.py:1070} INFO - 
--------------------------------------------------------------------------------
[2021-11-19 13:33:31,940] {taskinstance.py:1089} INFO - Executing <Task(PythonOperator): download_anp> on 2021-11-19T13:33:29.788322+00:00
[2021-11-19 13:33:31,943] {standard_task_runner.py:52} INFO - Started process 75 to run task
[2021-11-19 13:33:31,948] {standard_task_runner.py:76} INFO - Running: ['airflow', 'tasks', 'run', 'ETL-ANP', 'download_anp', '2021-11-19T13:33:29.788322+00:00', '--job-id', '48', '--pool', 'default_pool', '--raw', '--subdir', 'DAGS_FOLDER/etl-raizen.py', '--cfg-path', '/tmp/tmpsgvk53fc', '--error-file', '/tmp/tmpnax6h91k']
[2021-11-19 13:33:31,948] {standard_task_runner.py:77} INFO - Job 48: Subtask download_anp
[2021-11-19 13:33:31,995] {logging_mixin.py:104} INFO - Running <TaskInstance: ETL-ANP.download_anp 2021-11-19T13:33:29.788322+00:00 [running]> on host b7092867dc44
[2021-11-19 13:33:32,036] {taskinstance.py:1281} INFO - Exporting the following env vars:
AIRFLOW_CTX_DAG_OWNER=airflow
AIRFLOW_CTX_DAG_ID=ETL-ANP
AIRFLOW_CTX_TASK_ID=download_anp
AIRFLOW_CTX_EXECUTION_DATE=2021-11-19T13:33:29.788322+00:00
AIRFLOW_CTX_DAG_RUN_ID=manual__2021-11-19T13:33:29.788322+00:00
[2021-11-19 13:33:32,037] {etl-raizen.py:19} INFO - Starting XLS download from ANP ... 
[2021-11-19 13:33:34,768] {python.py:118} INFO - Done. Returned value was: None
[2021-11-19 13:33:34,801] {taskinstance.py:1185} INFO - Marking task as SUCCESS. dag_id=ETL-ANP, task_id=download_anp, execution_date=20211119T133329, start_date=20211119T133331, end_date=20211119T133334
[2021-11-19 13:33:34,843] {taskinstance.py:1246} INFO - 1 downstream tasks scheduled from follow-on schedule check
[2021-11-19 13:33:34,883] {local_task_job.py:146} INFO - Task exited with return code 0
