[2021-11-19 13:37:52,004] {taskinstance.py:877} INFO - Dependencies all met for <TaskInstance: ETL-ANP.extract_diesel 2021-11-19T13:37:34.347206+00:00 [queued]>
[2021-11-19 13:37:52,014] {taskinstance.py:877} INFO - Dependencies all met for <TaskInstance: ETL-ANP.extract_diesel 2021-11-19T13:37:34.347206+00:00 [queued]>
[2021-11-19 13:37:52,014] {taskinstance.py:1068} INFO - 
--------------------------------------------------------------------------------
[2021-11-19 13:37:52,015] {taskinstance.py:1069} INFO - Starting attempt 1 of 1
[2021-11-19 13:37:52,015] {taskinstance.py:1070} INFO - 
--------------------------------------------------------------------------------
[2021-11-19 13:37:52,044] {taskinstance.py:1089} INFO - Executing <Task(PythonOperator): extract_diesel> on 2021-11-19T13:37:34.347206+00:00
[2021-11-19 13:37:52,048] {standard_task_runner.py:52} INFO - Started process 152 to run task
[2021-11-19 13:37:52,056] {standard_task_runner.py:76} INFO - Running: ['airflow', 'tasks', 'run', 'ETL-ANP', 'extract_diesel', '2021-11-19T13:37:34.347206+00:00', '--job-id', '56', '--pool', 'default_pool', '--raw', '--subdir', 'DAGS_FOLDER/etl-raizen.py', '--cfg-path', '/tmp/tmpdi0_js8l', '--error-file', '/tmp/tmpb5550qs7']
[2021-11-19 13:37:52,057] {standard_task_runner.py:77} INFO - Job 56: Subtask extract_diesel
[2021-11-19 13:37:52,115] {logging_mixin.py:104} INFO - Running <TaskInstance: ETL-ANP.extract_diesel 2021-11-19T13:37:34.347206+00:00 [running]> on host b7092867dc44
[2021-11-19 13:37:52,157] {taskinstance.py:1281} INFO - Exporting the following env vars:
AIRFLOW_CTX_DAG_OWNER=airflow
AIRFLOW_CTX_DAG_ID=ETL-ANP
AIRFLOW_CTX_TASK_ID=extract_diesel
AIRFLOW_CTX_EXECUTION_DATE=2021-11-19T13:37:34.347206+00:00
AIRFLOW_CTX_DAG_RUN_ID=manual__2021-11-19T13:37:34.347206+00:00
[2021-11-19 13:37:53,193] {logging_mixin.py:104} WARNING - /opt/airflow/dags/etl-raizen.py:53 FutureWarning: As the xlwt package is no longer maintained, the xlwt engine will be removed in a future version of pandas. This is the only engine in pandas that supports writing in the xls format. Install openpyxl and write to an xlsx file instead. You can set the option io.excel.xls.writer to 'xlwt' to silence this warning. While this option is deprecated and will also raise a warning, it can be globally set and the warning suppressed.
[2021-11-19 13:37:53,194] {taskinstance.py:1482} ERROR - Task failed with exception
Traceback (most recent call last):
  File "/usr/local/lib/python3.8/site-packages/airflow/models/taskinstance.py", line 1138, in _run_raw_task
    self._prepare_and_execute_task_with_callbacks(context, task)
  File "/usr/local/lib/python3.8/site-packages/airflow/models/taskinstance.py", line 1311, in _prepare_and_execute_task_with_callbacks
    result = self._execute_task(context, task_copy)
  File "/usr/local/lib/python3.8/site-packages/airflow/models/taskinstance.py", line 1341, in _execute_task
    result = task_copy.execute(context=context)
  File "/usr/local/lib/python3.8/site-packages/airflow/operators/python.py", line 117, in execute
    return_value = self.execute_callable()
  File "/usr/local/lib/python3.8/site-packages/airflow/operators/python.py", line 128, in execute_callable
    return self.python_callable(*self.op_args, **self.op_kwargs)
  File "/opt/airflow/dags/etl-raizen.py", line 53, in transform
    df.to_excel('./staging/' + tableName + '.xls', sheet_name=sheetName, index=None)
  File "/usr/local/lib/python3.8/site-packages/pandas/core/generic.py", line 2189, in to_excel
    formatter.write(
  File "/usr/local/lib/python3.8/site-packages/pandas/io/formats/excel.py", line 815, in write
    writer = ExcelWriter(  # type: ignore[abstract]
  File "/usr/local/lib/python3.8/site-packages/pandas/io/excel/_xlwt.py", line 27, in __init__
    import xlwt
ModuleNotFoundError: No module named 'xlwt'
[2021-11-19 13:37:53,199] {taskinstance.py:1525} INFO - Marking task as FAILED. dag_id=ETL-ANP, task_id=extract_diesel, execution_date=20211119T133734, start_date=20211119T133752, end_date=20211119T133753
[2021-11-19 13:37:53,235] {local_task_job.py:146} INFO - Task exited with return code 1
