[2021-11-19 13:40:34,118] {taskinstance.py:877} INFO - Dependencies all met for <TaskInstance: ETL-ANP.download_anp 2021-11-19T13:40:30.152597+00:00 [queued]>
[2021-11-19 13:40:34,126] {taskinstance.py:877} INFO - Dependencies all met for <TaskInstance: ETL-ANP.download_anp 2021-11-19T13:40:30.152597+00:00 [queued]>
[2021-11-19 13:40:34,126] {taskinstance.py:1068} INFO - 
--------------------------------------------------------------------------------
[2021-11-19 13:40:34,126] {taskinstance.py:1069} INFO - Starting attempt 1 of 1
[2021-11-19 13:40:34,126] {taskinstance.py:1070} INFO - 
--------------------------------------------------------------------------------
[2021-11-19 13:40:34,151] {taskinstance.py:1089} INFO - Executing <Task(PythonOperator): download_anp> on 2021-11-19T13:40:30.152597+00:00
[2021-11-19 13:40:34,155] {standard_task_runner.py:52} INFO - Started process 76 to run task
[2021-11-19 13:40:34,160] {standard_task_runner.py:76} INFO - Running: ['airflow', 'tasks', 'run', 'ETL-ANP', 'download_anp', '2021-11-19T13:40:30.152597+00:00', '--job-id', '58', '--pool', 'default_pool', '--raw', '--subdir', 'DAGS_FOLDER/etl-raizen.py', '--cfg-path', '/tmp/tmpv1u0kqf3', '--error-file', '/tmp/tmpsefb50k6']
[2021-11-19 13:40:34,160] {standard_task_runner.py:77} INFO - Job 58: Subtask download_anp
[2021-11-19 13:40:34,201] {logging_mixin.py:104} INFO - Running <TaskInstance: ETL-ANP.download_anp 2021-11-19T13:40:30.152597+00:00 [running]> on host b7092867dc44
[2021-11-19 13:40:34,235] {taskinstance.py:1281} INFO - Exporting the following env vars:
AIRFLOW_CTX_DAG_OWNER=airflow
AIRFLOW_CTX_DAG_ID=ETL-ANP
AIRFLOW_CTX_TASK_ID=download_anp
AIRFLOW_CTX_EXECUTION_DATE=2021-11-19T13:40:30.152597+00:00
AIRFLOW_CTX_DAG_RUN_ID=manual__2021-11-19T13:40:30.152597+00:00
[2021-11-19 13:40:34,236] {etl-raizen.py:19} INFO - Starting XLS download from ANP ... 
[2021-11-19 13:40:36,319] {python.py:118} INFO - Done. Returned value was: None
[2021-11-19 13:40:36,330] {taskinstance.py:1185} INFO - Marking task as SUCCESS. dag_id=ETL-ANP, task_id=download_anp, execution_date=20211119T134030, start_date=20211119T134034, end_date=20211119T134036
[2021-11-19 13:40:36,386] {taskinstance.py:1246} INFO - 1 downstream tasks scheduled from follow-on schedule check
[2021-11-19 13:40:36,402] {local_task_job.py:146} INFO - Task exited with return code 0
